Using pre-set license
Built from '2021.3/staging' branch; Version is '2021.3.30f1 (b4360d7cdac4) revision 11810317'; Using compiler version '192829333'; Build Type 'Release'
OS: 'Windows 11  (10.0.22631) 64bit Core' Language: 'fr' Physical Memory: 15756 MB
BatchMode: 1, IsHumanControllingUs: 0, StartBugReporterOnCrash: 0, Is64bit: 1, IsPro: 1

COMMAND LINE ARGUMENTS:
C:\Program Files\Unity\Hub\Editor\2021.3.30f1\Editor\Unity.exe
-adb2
-batchMode
-noUpm
-name
AssetImportWorker0
-projectPath
C:/Users/marga/OneDrive/Documents/GitHub/V2/Project-ARVR
-logFile
Logs/AssetImportWorker0.log
-srvPort
51769
Successfully changed project path to: C:/Users/marga/OneDrive/Documents/GitHub/V2/Project-ARVR
C:/Users/marga/OneDrive/Documents/GitHub/V2/Project-ARVR
[UnityMemory] Configuration Parameters - Can be set up in boot.config
    "memorysetup-bucket-allocator-granularity=16"
    "memorysetup-bucket-allocator-bucket-count=8"
    "memorysetup-bucket-allocator-block-size=33554432"
    "memorysetup-bucket-allocator-block-count=8"
    "memorysetup-main-allocator-block-size=16777216"
    "memorysetup-thread-allocator-block-size=16777216"
    "memorysetup-gfx-main-allocator-block-size=16777216"
    "memorysetup-gfx-thread-allocator-block-size=16777216"
    "memorysetup-cache-allocator-block-size=4194304"
    "memorysetup-typetree-allocator-block-size=2097152"
    "memorysetup-profiler-bucket-allocator-granularity=16"
    "memorysetup-profiler-bucket-allocator-bucket-count=8"
    "memorysetup-profiler-bucket-allocator-block-size=33554432"
    "memorysetup-profiler-bucket-allocator-block-count=8"
    "memorysetup-profiler-allocator-block-size=16777216"
    "memorysetup-profiler-editor-allocator-block-size=1048576"
    "memorysetup-temp-allocator-size-main=16777216"
    "memorysetup-job-temp-allocator-block-size=2097152"
    "memorysetup-job-temp-allocator-block-size-background=1048576"
    "memorysetup-job-temp-allocator-reduction-small-platforms=262144"
    "memorysetup-temp-allocator-size-background-worker=32768"
    "memorysetup-temp-allocator-size-job-worker=262144"
    "memorysetup-temp-allocator-size-preload-manager=33554432"
    "memorysetup-temp-allocator-size-nav-mesh-worker=65536"
    "memorysetup-temp-allocator-size-audio-worker=65536"
    "memorysetup-temp-allocator-size-cloud-worker=32768"
    "memorysetup-temp-allocator-size-gi-baking-worker=262144"
    "memorysetup-temp-allocator-size-gfx=262144"
Player connection [30368] Host "[IP] 10.1.183.122 [Port] 0 [Flags] 2 [Guid] 1920088058 [EditorId] 1920088058 [Version] 1048832 [Id] WindowsEditor(7,DESKTOP-78K8IAA) [Debug] 1 [PackageName] WindowsEditor [ProjectName] Editor" joined multi-casting on [225.0.0.222:54997]...

Player connection [30368] Host "[IP] 10.1.183.122 [Port] 0 [Flags] 2 [Guid] 1920088058 [EditorId] 1920088058 [Version] 1048832 [Id] WindowsEditor(7,DESKTOP-78K8IAA) [Debug] 1 [PackageName] WindowsEditor [ProjectName] Editor" joined alternative multi-casting on [225.0.0.222:34997]...

[Physics::Module] Initialized MultithreadedJobDispatcher with {0} workers.
Refreshing native plugins compatible for Editor in 67.09 ms, found 3 plugins.
Preloading 0 native plugins for Editor in 0.00 ms.
Initialize engine version: 2021.3.30f1 (b4360d7cdac4)
[Subsystems] Discovering subsystems at path C:/Program Files/Unity/Hub/Editor/2021.3.30f1/Editor/Data/Resources/UnitySubsystems
[Subsystems] Discovering subsystems at path C:/Users/marga/OneDrive/Documents/GitHub/V2/Project-ARVR/Assets
GfxDevice: creating device client; threaded=0; jobified=0
Direct3D:
    Version:  Direct3D 11.0 [level 11.1]
    Renderer: AMD Radeon(TM) Graphics (ID=0x1636)
    Vendor:   ATI
    VRAM:     7878 MB
    Driver:   27.20.21020.4003
Initialize mono
Mono path[0] = 'C:/Program Files/Unity/Hub/Editor/2021.3.30f1/Editor/Data/Managed'
Mono path[1] = 'C:/Program Files/Unity/Hub/Editor/2021.3.30f1/Editor/Data/MonoBleedingEdge/lib/mono/unityjit-win32'
Mono config path = 'C:/Program Files/Unity/Hub/Editor/2021.3.30f1/Editor/Data/MonoBleedingEdge/etc'
Using monoOptions --debugger-agent=transport=dt_socket,embedding=1,server=y,suspend=n,address=127.0.0.1:56772
Begin MonoManager ReloadAssembly
Registering precompiled unity dll's ...
Register platform support module: C:/Program Files/Unity/Hub/Editor/2021.3.30f1/Editor/Data/PlaybackEngines/WebGLSupport/UnityEditor.WebGL.Extensions.dll
Register platform support module: C:/Program Files/Unity/Hub/Editor/2021.3.30f1/Editor/Data/PlaybackEngines/WindowsStandaloneSupport/UnityEditor.WindowsStandalone.Extensions.dll
Registered in 0.008820 seconds.
Native extension for WindowsStandalone target not found
Native extension for WebGL target not found
Refreshing native plugins compatible for Editor in 71.26 ms, found 3 plugins.
Preloading 0 native plugins for Editor in 0.00 ms.
Mono: successfully reloaded assembly
- Completed reload, in  0.700 seconds
Domain Reload Profiling:
	ReloadAssembly (701ms)
		BeginReloadAssembly (106ms)
			ExecutionOrderSort (0ms)
			DisableScriptedObjects (0ms)
			BackupInstance (0ms)
			ReleaseScriptingObjects (0ms)
			CreateAndSetChildDomain (1ms)
		EndReloadAssembly (490ms)
			LoadAssemblies (104ms)
			RebuildTransferFunctionScriptingTraits (0ms)
			SetupTypeCache (117ms)
			ReleaseScriptCaches (0ms)
			RebuildScriptCaches (33ms)
			SetupLoadedEditorAssemblies (296ms)
				LogAssemblyErrors (0ms)
				InitializePlatformSupportModulesInManaged (11ms)
				SetLoadedEditorAssemblies (0ms)
				RefreshPlugins (71ms)
				BeforeProcessingInitializeOnLoad (1ms)
				ProcessInitializeOnLoadAttributes (157ms)
				ProcessInitializeOnLoadMethodAttributes (54ms)
				AfterProcessingInitializeOnLoad (0ms)
				EditorAssembliesLoaded (0ms)
			ExecutionOrderSort2 (0ms)
			AwakeInstancesAfterBackupRestoration (0ms)
Platform modules already initialized, skipping
Registering precompiled user dll's ...
Registered in 0.007993 seconds.
Begin MonoManager ReloadAssembly
Native extension for WindowsStandalone target not found
Native extension for WebGL target not found
Refreshing native plugins compatible for Editor in 0.73 ms, found 3 plugins.
Preloading 0 native plugins for Editor in 0.00 ms.
Package Manager log level set to [2]
[Package Manager] Server::EnsureServerProcessIsRunning -- launch failed, reason: Unity was launched with the -noUpm command-line argument
[Package Manager] Cannot connect to Unity Package Manager local server
Mono: successfully reloaded assembly
- Completed reload, in  1.431 seconds
Domain Reload Profiling:
	ReloadAssembly (1431ms)
		BeginReloadAssembly (150ms)
			ExecutionOrderSort (0ms)
			DisableScriptedObjects (5ms)
			BackupInstance (0ms)
			ReleaseScriptingObjects (0ms)
			CreateAndSetChildDomain (23ms)
		EndReloadAssembly (1172ms)
			LoadAssemblies (123ms)
			RebuildTransferFunctionScriptingTraits (0ms)
			SetupTypeCache (280ms)
			ReleaseScriptCaches (1ms)
			RebuildScriptCaches (53ms)
			SetupLoadedEditorAssemblies (708ms)
				LogAssemblyErrors (0ms)
				InitializePlatformSupportModulesInManaged (8ms)
				SetLoadedEditorAssemblies (0ms)
				RefreshPlugins (1ms)
				BeforeProcessingInitializeOnLoad (82ms)
				ProcessInitializeOnLoadAttributes (582ms)
				ProcessInitializeOnLoadMethodAttributes (26ms)
				AfterProcessingInitializeOnLoad (9ms)
				EditorAssembliesLoaded (0ms)
			ExecutionOrderSort2 (0ms)
			AwakeInstancesAfterBackupRestoration (6ms)
Platform modules already initialized, skipping
========================================================================
Worker process is ready to serve import requests
Launched and connected shader compiler UnityShaderCompiler.exe after 0.08 seconds
Refreshing native plugins compatible for Editor in 0.63 ms, found 3 plugins.
Preloading 0 native plugins for Editor in 0.00 ms.
Unloading 3067 Unused Serialized files (Serialized files now loaded: 0)
Unloading 23 unused Assets / (46.4 KB). Loaded Objects now: 3527.
Memory consumption went from 108.1 MB to 108.0 MB.
Total: 3.999900 ms (FindLiveObjects: 0.308500 ms CreateObjectMapping: 0.092600 ms MarkObjects: 3.503700 ms  DeleteObjects: 0.093800 ms)

AssetImportParameters requested are different than current active one (requested -> active):
  custom:video-decoder-ogg-theora: a1e56fd34408186e4bbccfd4996cb3dc -> 
  custom:container-muxer-webm: aa71ff27fc2769a1b78a27578f13a17b -> 
  custom:container-demuxer-webm: 4f35f7cbe854078d1ac9338744f61a02 -> 
  custom:video-encoder-webm-vp8: eb34c28f22e8b96e1ab97ce403110664 -> 
  custom:video-codec-MediaFoundation-h265: 746d11721c4dcdbdad8f713fa42b33f4 -> 
  custom:CustomObjectIndexerAttribute: bc11b3a6c3213fcdd17b65e7da85e133 -> 
  custom:audio-encoder-webm-vorbis: bf7c407c2cedff20999df2af8eb42d56 -> 
  custom:framework-win-MediaFoundation: 216162199b28c13a410421893ffa2e32 -> 
  custom:SearchIndexIgnoredProperties: e643bd26f0fe6173181afceb89e7c659 -> 
  custom:container-demuxer-ogg: 62fdf1f143b41e24485cea50d1cbac27 -> 
  custom:video-decoder-webm-vp8: 9c59270c3fd7afecdb556c50c9e8de78 -> 
  custom:audio-decoder-ogg-vorbis: bf7c407c2cedff20999df2af8eb42d56 -> 
========================================================================
Received Import Request.
  Time since last request: 241768.355438 seconds.
  path: Assets/Morgue Room PBR/Models/floor/floor_ceiling_8x8.fbx
  artifactKey: Guid(3a77418097e7ca7478553756758df054) Importer(815301076,1909f56bfc062723c751e8b465ee728b)
Number of updated assets reloaded before import = 0
Start importing Assets/Morgue Room PBR/Models/floor/floor_ceiling_8x8.fbx using Guid(3a77418097e7ca7478553756758df054) Importer(815301076,1909f56bfc062723c751e8b465ee728b)  -> (artifact id: 'c6e708b17652b0fd1c6bea849901deb8') in 0.167065 seconds 
Number of asset objects unloaded after import = 8
========================================================================
Received Import Request.
  Time since last request: 0.000045 seconds.
  path: Assets/Morgue Room PBR/Models/floor/floor_ceiling_8x16.fbx
  artifactKey: Guid(1972d5d95f318b844beeee272e0d19cd) Importer(815301076,1909f56bfc062723c751e8b465ee728b)
Number of updated assets reloaded before import = 0
Start importing Assets/Morgue Room PBR/Models/floor/floor_ceiling_8x16.fbx using Guid(1972d5d95f318b844beeee272e0d19cd) Importer(815301076,1909f56bfc062723c751e8b465ee728b)  -> (artifact id: '3202f9356e314590e519fc6ab113e72c') in 0.048574 seconds 
Number of asset objects unloaded after import = 8
========================================================================
Received Import Request.
  Time since last request: 0.000034 seconds.
  path: Assets/Morgue Room PBR/Models
  artifactKey: Guid(0d05158fc22c6264cbafa60860612b56) Importer(815301076,1909f56bfc062723c751e8b465ee728b)
Number of updated assets reloaded before import = 0
Start importing Assets/Morgue Room PBR/Models using Guid(0d05158fc22c6264cbafa60860612b56) Importer(815301076,1909f56bfc062723c751e8b465ee728b)  -> (artifact id: '6fb9f2a02542b705aead6b1858b0e69f') in 0.013528 seconds 
Number of asset objects unloaded after import = 0
========================================================================
Received Import Request.
  Time since last request: 0.000136 seconds.
  path: Assets/Morgue Room PBR/Models/floor
  artifactKey: Guid(dc9e3372873970948bdd4e1c24a083f2) Importer(815301076,1909f56bfc062723c751e8b465ee728b)
Number of updated assets reloaded before import = 0
Start importing Assets/Morgue Room PBR/Models/floor using Guid(dc9e3372873970948bdd4e1c24a083f2) Importer(815301076,1909f56bfc062723c751e8b465ee728b)  -> (artifact id: '9f4fcf5dbc4411958e444bc692b26541') in 0.013837 seconds 
Number of asset objects unloaded after import = 0
========================================================================
Received Import Request.
  Time since last request: 54.501719 seconds.
  path: Assets/Morgue Room PBR/Models/floor/Materials
  artifactKey: Guid(57cd338475f821b44a4356fd993928ac) Importer(815301076,1909f56bfc062723c751e8b465ee728b)
Number of updated assets reloaded before import = 0
Start importing Assets/Morgue Room PBR/Models/floor/Materials using Guid(57cd338475f821b44a4356fd993928ac) Importer(815301076,1909f56bfc062723c751e8b465ee728b)  -> (artifact id: '77e700468c55f7a0fb49edc33c477362') in 0.012063 seconds 
Number of asset objects unloaded after import = 0
========================================================================
Received Import Request.
  Time since last request: 0.837811 seconds.
  path: Assets/Morgue Room PBR/Models/floor/Materials/ceiling_01_basecolor.tga
  artifactKey: Guid(61bb3df45f6e364409f0dbb8850ddc46) Importer(815301076,1909f56bfc062723c751e8b465ee728b)
Number of updated assets reloaded before import = 0
Start importing Assets/Morgue Room PBR/Models/floor/Materials/ceiling_01_basecolor.tga using Guid(61bb3df45f6e364409f0dbb8850ddc46) Importer(815301076,1909f56bfc062723c751e8b465ee728b)  -> (artifact id: 'a0e95ee57b240cf9e0e66c0a86516e83') in 0.061763 seconds 
Number of asset objects unloaded after import = 2
========================================================================
Received Import Request.
  Time since last request: 0.000033 seconds.
  path: Assets/Morgue Room PBR/Models/floor/Materials/floor_01_normal.tga
  artifactKey: Guid(d2631864f3330c34eac17e7851eb3138) Importer(815301076,1909f56bfc062723c751e8b465ee728b)
Number of updated assets reloaded before import = 0
Start importing Assets/Morgue Room PBR/Models/floor/Materials/floor_01_normal.tga using Guid(d2631864f3330c34eac17e7851eb3138) Importer(815301076,1909f56bfc062723c751e8b465ee728b)  -> (artifact id: '6a2fd04ea872db53f4c8b48ecfc8180b') in 0.034920 seconds 
Number of asset objects unloaded after import = 2
========================================================================
Received Import Request.
  Time since last request: 0.000047 seconds.
  path: Assets/Morgue Room PBR/Models/floor/Materials/floor_01_metallic.tga
  artifactKey: Guid(11fb7c41eed148b499508e80ff960b12) Importer(815301076,1909f56bfc062723c751e8b465ee728b)
Number of updated assets reloaded before import = 0
Start importing Assets/Morgue Room PBR/Models/floor/Materials/floor_01_metallic.tga using Guid(11fb7c41eed148b499508e80ff960b12) Importer(815301076,1909f56bfc062723c751e8b465ee728b)  -> (artifact id: '1512f498df45e1fb45b73e770d2830cb') in 0.037170 seconds 
Number of asset objects unloaded after import = 2
========================================================================
Received Import Request.
  Time since last request: 0.000024 seconds.
  path: Assets/Morgue Room PBR/Models/floor/Materials/floor_01_mat.mat
  artifactKey: Guid(a7cc9c1f9de481c4bb6d14d30a6f58b3) Importer(815301076,1909f56bfc062723c751e8b465ee728b)
Number of updated assets reloaded before import = 0
Start importing Assets/Morgue Room PBR/Models/floor/Materials/floor_01_mat.mat using Guid(a7cc9c1f9de481c4bb6d14d30a6f58b3) Importer(815301076,1909f56bfc062723c751e8b465ee728b)  -> (artifact id: '0449fdeb2456acd137c8180c0a72a9d0') in 0.274915 seconds 
Number of asset objects unloaded after import = 4
========================================================================
Received Prepare
Registering precompiled user dll's ...
Registered in 0.008693 seconds.
Begin MonoManager ReloadAssembly
Native extension for WindowsStandalone target not found
Native extension for WebGL target not found
Refreshing native plugins compatible for Editor in 1.42 ms, found 3 plugins.
Preloading 0 native plugins for Editor in 0.00 ms.
[Package Manager] Server::EnsureServerProcessIsRunning -- launch failed, reason: Unity was launched with the -noUpm command-line argument
[Package Manager] Cannot connect to Unity Package Manager local server
Mono: successfully reloaded assembly
- Completed reload, in  2.091 seconds
Domain Reload Profiling:
	ReloadAssembly (2091ms)
		BeginReloadAssembly (197ms)
			ExecutionOrderSort (0ms)
			DisableScriptedObjects (6ms)
			BackupInstance (0ms)
			ReleaseScriptingObjects (0ms)
			CreateAndSetChildDomain (39ms)
		EndReloadAssembly (1736ms)
			LoadAssemblies (155ms)
			RebuildTransferFunctionScriptingTraits (0ms)
			SetupTypeCache (476ms)
			ReleaseScriptCaches (2ms)
			RebuildScriptCaches (78ms)
			SetupLoadedEditorAssemblies (963ms)
				LogAssemblyErrors (0ms)
				InitializePlatformSupportModulesInManaged (14ms)
				SetLoadedEditorAssemblies (1ms)
				RefreshPlugins (2ms)
				BeforeProcessingInitializeOnLoad (103ms)
				ProcessInitializeOnLoadAttributes (784ms)
				ProcessInitializeOnLoadMethodAttributes (45ms)
				AfterProcessingInitializeOnLoad (15ms)
				EditorAssembliesLoaded (0ms)
			ExecutionOrderSort2 (0ms)
			AwakeInstancesAfterBackupRestoration (12ms)
Platform modules already initialized, skipping
Refreshing native plugins compatible for Editor in 0.92 ms, found 3 plugins.
Preloading 0 native plugins for Editor in 0.00 ms.
Unloading 3060 Unused Serialized files (Serialized files now loaded: 0)
Unloading 18 unused Assets / (21.9 KB). Loaded Objects now: 3578.
Memory consumption went from 112.7 MB to 112.7 MB.
Total: 4.703900 ms (FindLiveObjects: 0.465300 ms CreateObjectMapping: 0.111500 ms MarkObjects: 4.086400 ms  DeleteObjects: 0.039100 ms)

AssetImportParameters requested are different than current active one (requested -> active):
  custom:video-decoder-ogg-theora: a1e56fd34408186e4bbccfd4996cb3dc -> 
  custom:container-muxer-webm: aa71ff27fc2769a1b78a27578f13a17b -> 
  custom:container-demuxer-webm: 4f35f7cbe854078d1ac9338744f61a02 -> 
  custom:video-encoder-webm-vp8: eb34c28f22e8b96e1ab97ce403110664 -> 
  custom:video-codec-MediaFoundation-h265: 746d11721c4dcdbdad8f713fa42b33f4 -> 
  custom:CustomObjectIndexerAttribute: bc11b3a6c3213fcdd17b65e7da85e133 -> 
  custom:audio-encoder-webm-vorbis: bf7c407c2cedff20999df2af8eb42d56 -> 
  custom:framework-win-MediaFoundation: 216162199b28c13a410421893ffa2e32 -> 
  custom:SearchIndexIgnoredProperties: e643bd26f0fe6173181afceb89e7c659 -> 
  custom:container-demuxer-ogg: 62fdf1f143b41e24485cea50d1cbac27 -> 
  custom:video-decoder-webm-vp8: 9c59270c3fd7afecdb556c50c9e8de78 -> 
  custom:audio-decoder-ogg-vorbis: bf7c407c2cedff20999df2af8eb42d56 -> 
========================================================================
Received Import Request.
  Time since last request: 41.268525 seconds.
  path: Assets/Morgue Room PBR/Models/wall
  artifactKey: Guid(91542357d632325458be5a74e71162e3) Importer(815301076,1909f56bfc062723c751e8b465ee728b)
Number of updated assets reloaded before import = 0
Start importing Assets/Morgue Room PBR/Models/wall using Guid(91542357d632325458be5a74e71162e3) Importer(815301076,1909f56bfc062723c751e8b465ee728b)  -> (artifact id: 'e2f149a663f32a8e2f2195b6a93dccfe') in 0.014749 seconds 
Number of asset objects unloaded after import = 0
========================================================================
Received Import Request.
  Time since last request: 1.465218 seconds.
  path: Assets/Morgue Room PBR/Models/wall/door_01.fbx
  artifactKey: Guid(02bb5bf2550e9de4fba1c135aaef0200) Importer(815301076,1909f56bfc062723c751e8b465ee728b)
Number of updated assets reloaded before import = 0
Start importing Assets/Morgue Room PBR/Models/wall/door_01.fbx using Guid(02bb5bf2550e9de4fba1c135aaef0200) Importer(815301076,1909f56bfc062723c751e8b465ee728b)  -> (artifact id: '59fa04327f89ecbdcb4b93dd03e09603') in 0.434913 seconds 
Number of asset objects unloaded after import = 13
========================================================================
Received Import Request.
  Time since last request: 0.000030 seconds.
  path: Assets/Morgue Room PBR/Models/wall/wall_corner02.fbx
  artifactKey: Guid(314f923f0cf37634c82f641025306c37) Importer(815301076,1909f56bfc062723c751e8b465ee728b)
Number of updated assets reloaded before import = 0
Start importing Assets/Morgue Room PBR/Models/wall/wall_corner02.fbx using Guid(314f923f0cf37634c82f641025306c37) Importer(815301076,1909f56bfc062723c751e8b465ee728b)  -> (artifact id: 'a76dd887f29197a6311444aa1e9a5291') in 0.049508 seconds 
Number of asset objects unloaded after import = 12
========================================================================
Received Prepare
Registering precompiled user dll's ...
Registered in 0.007278 seconds.
Begin MonoManager ReloadAssembly
Native extension for WindowsStandalone target not found
Native extension for WebGL target not found
Refreshing native plugins compatible for Editor in 1.13 ms, found 3 plugins.
Preloading 0 native plugins for Editor in 0.00 ms.
[Package Manager] Server::EnsureServerProcessIsRunning -- launch failed, reason: Unity was launched with the -noUpm command-line argument
[Package Manager] Cannot connect to Unity Package Manager local server
Mono: successfully reloaded assembly
- Completed reload, in  1.983 seconds
Domain Reload Profiling:
	ReloadAssembly (1984ms)
		BeginReloadAssembly (205ms)
			ExecutionOrderSort (0ms)
			DisableScriptedObjects (6ms)
			BackupInstance (0ms)
			ReleaseScriptingObjects (0ms)
			CreateAndSetChildDomain (38ms)
		EndReloadAssembly (1615ms)
			LoadAssemblies (178ms)
			RebuildTransferFunctionScriptingTraits (0ms)
			SetupTypeCache (448ms)
			ReleaseScriptCaches (2ms)
			RebuildScriptCaches (66ms)
			SetupLoadedEditorAssemblies (881ms)
				LogAssemblyErrors (0ms)
				InitializePlatformSupportModulesInManaged (13ms)
				SetLoadedEditorAssemblies (1ms)
				RefreshPlugins (1ms)
				BeforeProcessingInitializeOnLoad (100ms)
				ProcessInitializeOnLoadAttributes (705ms)
				ProcessInitializeOnLoadMethodAttributes (42ms)
				AfterProcessingInitializeOnLoad (19ms)
				EditorAssembliesLoaded (0ms)
			ExecutionOrderSort2 (0ms)
			AwakeInstancesAfterBackupRestoration (12ms)
Platform modules already initialized, skipping
Refreshing native plugins compatible for Editor in 1.35 ms, found 3 plugins.
Preloading 0 native plugins for Editor in 0.00 ms.
Unloading 3060 Unused Serialized files (Serialized files now loaded: 0)
Unloading 18 unused Assets / (21.9 KB). Loaded Objects now: 3581.
Memory consumption went from 112.8 MB to 112.8 MB.
Total: 5.913200 ms (FindLiveObjects: 0.800900 ms CreateObjectMapping: 0.180900 ms MarkObjects: 4.871000 ms  DeleteObjects: 0.056600 ms)

AssetImportParameters requested are different than current active one (requested -> active):
  custom:video-decoder-ogg-theora: a1e56fd34408186e4bbccfd4996cb3dc -> 
  custom:container-muxer-webm: aa71ff27fc2769a1b78a27578f13a17b -> 
  custom:container-demuxer-webm: 4f35f7cbe854078d1ac9338744f61a02 -> 
  custom:video-encoder-webm-vp8: eb34c28f22e8b96e1ab97ce403110664 -> 
  custom:video-codec-MediaFoundation-h265: 746d11721c4dcdbdad8f713fa42b33f4 -> 
  custom:CustomObjectIndexerAttribute: bc11b3a6c3213fcdd17b65e7da85e133 -> 
  custom:audio-encoder-webm-vorbis: bf7c407c2cedff20999df2af8eb42d56 -> 
  custom:framework-win-MediaFoundation: 216162199b28c13a410421893ffa2e32 -> 
  custom:SearchIndexIgnoredProperties: e643bd26f0fe6173181afceb89e7c659 -> 
  custom:container-demuxer-ogg: 62fdf1f143b41e24485cea50d1cbac27 -> 
  custom:video-decoder-webm-vp8: 9c59270c3fd7afecdb556c50c9e8de78 -> 
  custom:audio-decoder-ogg-vorbis: bf7c407c2cedff20999df2af8eb42d56 -> 
========================================================================
Received Import Request.
  Time since last request: 161.519962 seconds.
  path: Assets/Morgue Room PBR/Models/wall/Materials
  artifactKey: Guid(03f55d6df2190a9489802da2948ab92a) Importer(815301076,1909f56bfc062723c751e8b465ee728b)
Number of updated assets reloaded before import = 0
Start importing Assets/Morgue Room PBR/Models/wall/Materials using Guid(03f55d6df2190a9489802da2948ab92a) Importer(815301076,1909f56bfc062723c751e8b465ee728b)  -> (artifact id: '3ea879cb565376ef5bb5a96f8cef205e') in 0.009156 seconds 
Number of asset objects unloaded after import = 0
========================================================================
Received Import Request.
  Time since last request: 0.062112 seconds.
  path: Assets/Morgue Room PBR/Models/wall/Materials/doorframes_basecolor.tga
  artifactKey: Guid(2507747f842636e4db948bb5224569ac) Importer(815301076,1909f56bfc062723c751e8b465ee728b)
Number of updated assets reloaded before import = 0
Start importing Assets/Morgue Room PBR/Models/wall/Materials/doorframes_basecolor.tga using Guid(2507747f842636e4db948bb5224569ac) Importer(815301076,1909f56bfc062723c751e8b465ee728b)  -> (artifact id: '8e3563626fa4d0c073ab3a571a6059e1') in 0.059605 seconds 
Number of asset objects unloaded after import = 2
========================================================================
Received Import Request.
  Time since last request: 0.000028 seconds.
  path: Assets/Morgue Room PBR/Models/wall/Materials/wall2_basecolor.tga
  artifactKey: Guid(1016cc7b69658154195f1c95fd4defe3) Importer(815301076,1909f56bfc062723c751e8b465ee728b)
Number of updated assets reloaded before import = 0
Start importing Assets/Morgue Room PBR/Models/wall/Materials/wall2_basecolor.tga using Guid(1016cc7b69658154195f1c95fd4defe3) Importer(815301076,1909f56bfc062723c751e8b465ee728b)  -> (artifact id: 'a902aa75c7a3a8165a088bb1769d5501') in 0.030514 seconds 
Number of asset objects unloaded after import = 2
========================================================================
Received Import Request.
  Time since last request: 0.000027 seconds.
  path: Assets/Morgue Room PBR/Models/wall/Materials/wall2_normal.tga
  artifactKey: Guid(c3ee295756c9b6540b01d1557c0eb28d) Importer(815301076,1909f56bfc062723c751e8b465ee728b)
Number of updated assets reloaded before import = 0
Start importing Assets/Morgue Room PBR/Models/wall/Materials/wall2_normal.tga using Guid(c3ee295756c9b6540b01d1557c0eb28d) Importer(815301076,1909f56bfc062723c751e8b465ee728b)  -> (artifact id: '5f36086f36b3a88b3d0003ff987f65cb') in 0.032952 seconds 
Number of asset objects unloaded after import = 2
========================================================================
Received Import Request.
  Time since last request: 0.000023 seconds.
  path: Assets/Morgue Room PBR/Models/wall/Materials/wall2_metallic.tga
  artifactKey: Guid(2b08bd1457f379442a6acb52f5769dee) Importer(815301076,1909f56bfc062723c751e8b465ee728b)
Number of updated assets reloaded before import = 0
Start importing Assets/Morgue Room PBR/Models/wall/Materials/wall2_metallic.tga using Guid(2b08bd1457f379442a6acb52f5769dee) Importer(815301076,1909f56bfc062723c751e8b465ee728b)  -> (artifact id: 'fd555eb702b962e586b77288d333fd59') in 0.031502 seconds 
Number of asset objects unloaded after import = 2
========================================================================
Received Import Request.
  Time since last request: 0.000036 seconds.
  path: Assets/Morgue Room PBR/Models/wall/Materials/wall_metallic.tga
  artifactKey: Guid(cdca89024616e6045abdcb180efcc5cd) Importer(815301076,1909f56bfc062723c751e8b465ee728b)
Number of updated assets reloaded before import = 0
Start importing Assets/Morgue Room PBR/Models/wall/Materials/wall_metallic.tga using Guid(cdca89024616e6045abdcb180efcc5cd) Importer(815301076,1909f56bfc062723c751e8b465ee728b)  -> (artifact id: '13aa75e904d562d5babe9fe840a9564e') in 0.025960 seconds 
Number of asset objects unloaded after import = 2
========================================================================
Received Import Request.
  Time since last request: 0.000059 seconds.
  path: Assets/Morgue Room PBR/Models/wall/Materials/wall_normal.tga
  artifactKey: Guid(85329bdbbc430fc4d892154c0bf28117) Importer(815301076,1909f56bfc062723c751e8b465ee728b)
Number of updated assets reloaded before import = 0
Start importing Assets/Morgue Room PBR/Models/wall/Materials/wall_normal.tga using Guid(85329bdbbc430fc4d892154c0bf28117) Importer(815301076,1909f56bfc062723c751e8b465ee728b)  -> (artifact id: 'b96049b3d2783d545cad02cc4a6169c2') in 0.031496 seconds 
Number of asset objects unloaded after import = 2
========================================================================
Received Import Request.
  Time since last request: 61.251430 seconds.
  path: Assets/Morgue Room PBR/morgue scene
  artifactKey: Guid(9597a2a15c34230468ccd486adeae93e) Importer(815301076,1909f56bfc062723c751e8b465ee728b)
Number of updated assets reloaded before import = 0
Start importing Assets/Morgue Room PBR/morgue scene using Guid(9597a2a15c34230468ccd486adeae93e) Importer(815301076,1909f56bfc062723c751e8b465ee728b)  -> (artifact id: '046b72685c59f015bdeb97b617979560') in 0.013016 seconds 
Number of asset objects unloaded after import = 0
========================================================================
Received Import Request.
  Time since last request: 1.157290 seconds.
  path: Assets/Morgue Room PBR/morgue scene/morgue/LightingData.asset
  artifactKey: Guid(ee384aacf6b023c4d8b05c42e5472572) Importer(815301076,1909f56bfc062723c751e8b465ee728b)
Number of updated assets reloaded before import = 0
Start importing Assets/Morgue Room PBR/morgue scene/morgue/LightingData.asset using Guid(ee384aacf6b023c4d8b05c42e5472572) Importer(815301076,1909f56bfc062723c751e8b465ee728b)  -> (artifact id: 'decf7519289ebd73b7d99f36e4ddf4c6') in 0.023171 seconds 
Number of asset objects unloaded after import = 2
========================================================================
Received Import Request.
  Time since last request: 0.000027 seconds.
  path: Assets/Morgue Room PBR/morgue scene/morgue/ReflectionProbe-1.exr
  artifactKey: Guid(f137e44355b71d94aa25c64514a32325) Importer(815301076,1909f56bfc062723c751e8b465ee728b)
Number of updated assets reloaded before import = 0
Start importing Assets/Morgue Room PBR/morgue scene/morgue/ReflectionProbe-1.exr using Guid(f137e44355b71d94aa25c64514a32325) Importer(815301076,1909f56bfc062723c751e8b465ee728b)  -> (artifact id: 'd14b801fd377f679f29a748fbf6e32c3') in 0.055890 seconds 
Number of asset objects unloaded after import = 1
========================================================================
Received Import Request.
  Time since last request: 0.000034 seconds.
  path: Assets/Morgue Room PBR/morgue scene/morgue/ReflectionProbe-2.exr
  artifactKey: Guid(d7e85e04951b2d64d9feec25cda12792) Importer(815301076,1909f56bfc062723c751e8b465ee728b)
Number of updated assets reloaded before import = 0
Start importing Assets/Morgue Room PBR/morgue scene/morgue/ReflectionProbe-2.exr using Guid(d7e85e04951b2d64d9feec25cda12792) Importer(815301076,1909f56bfc062723c751e8b465ee728b)  -> (artifact id: '05f9b6f810d11a2232307b9caa3cc73a') in 0.034876 seconds 
Number of asset objects unloaded after import = 1
========================================================================
Received Import Request.
  Time since last request: 17.025606 seconds.
  path: Assets/Morgue Room PBR/Prefabs
  artifactKey: Guid(eb1b0bcb333b33c41a9a01971ce5da93) Importer(815301076,1909f56bfc062723c751e8b465ee728b)
Number of updated assets reloaded before import = 0
Start importing Assets/Morgue Room PBR/Prefabs using Guid(eb1b0bcb333b33c41a9a01971ce5da93) Importer(815301076,1909f56bfc062723c751e8b465ee728b)  -> (artifact id: '54a810d3093d0c4cde4b81103d7ae24d') in 0.012681 seconds 
Number of asset objects unloaded after import = 0
========================================================================
Received Import Request.
  Time since last request: 1.346057 seconds.
  path: Assets/Morgue Room PBR/Prefabs/floor
  artifactKey: Guid(3a8d456a2afb90d4c8bb5107a3ae0d24) Importer(815301076,1909f56bfc062723c751e8b465ee728b)
Number of updated assets reloaded before import = 0
Start importing Assets/Morgue Room PBR/Prefabs/floor using Guid(3a8d456a2afb90d4c8bb5107a3ae0d24) Importer(815301076,1909f56bfc062723c751e8b465ee728b)  -> (artifact id: '2a5f5c6ea44a79bef8ec3fa2f47d3751') in 0.004471 seconds 
Number of asset objects unloaded after import = 0
========================================================================
Received Import Request.
  Time since last request: 0.090094 seconds.
  path: Assets/Morgue Room PBR/Prefabs/floor/floor_ceiling_4x4.prefab
  artifactKey: Guid(f8ca8b584672e2c44b786aedd156b7eb) Importer(815301076,1909f56bfc062723c751e8b465ee728b)
Number of updated assets reloaded before import = 0
Start importing Assets/Morgue Room PBR/Prefabs/floor/floor_ceiling_4x4.prefab using Guid(f8ca8b584672e2c44b786aedd156b7eb) Importer(815301076,1909f56bfc062723c751e8b465ee728b)  -> (artifact id: 'd0d6f2cc65ee3df765e509db85af0e7e') in 0.057571 seconds 
Number of asset objects unloaded after import = 12
========================================================================
Received Import Request.
  Time since last request: 0.000062 seconds.
  path: Assets/Morgue Room PBR/Prefabs/floor/floor_ceiling_8x16.prefab
  artifactKey: Guid(d98c776ec827d734dabb3f00327a78b1) Importer(815301076,1909f56bfc062723c751e8b465ee728b)
Number of updated assets reloaded before import = 0
Start importing Assets/Morgue Room PBR/Prefabs/floor/floor_ceiling_8x16.prefab using Guid(d98c776ec827d734dabb3f00327a78b1) Importer(815301076,1909f56bfc062723c751e8b465ee728b)  -> (artifact id: 'b3405a51fd80a53e0910b25b3d028ba3') in 0.034746 seconds 
Number of asset objects unloaded after import = 12
========================================================================
Received Import Request.
  Time since last request: 119.239183 seconds.
  path: Assets/Morgue Room PBR/Prefabs/props
  artifactKey: Guid(d50790c0daac26a46aa2c4e09eb5642f) Importer(815301076,1909f56bfc062723c751e8b465ee728b)
Number of updated assets reloaded before import = 0
Start importing Assets/Morgue Room PBR/Prefabs/props using Guid(d50790c0daac26a46aa2c4e09eb5642f) Importer(815301076,1909f56bfc062723c751e8b465ee728b)  -> (artifact id: '2ea632a338152f26725413670622aab1') in 0.013335 seconds 
Number of asset objects unloaded after import = 0
========================================================================
Received Import Request.
  Time since last request: 0.079549 seconds.
  path: Assets/Morgue Room PBR/Prefabs/props/autopsy_table.prefab
  artifactKey: Guid(ab4ced4914b68784d8bf02aba7918f90) Importer(815301076,1909f56bfc062723c751e8b465ee728b)
Number of updated assets reloaded before import = 0
Start importing Assets/Morgue Room PBR/Prefabs/props/autopsy_table.prefab using Guid(ab4ced4914b68784d8bf02aba7918f90) Importer(815301076,1909f56bfc062723c751e8b465ee728b)  -> (artifact id: '7c49becf3e6f1276e87fc12717973b72') in 0.033457 seconds 
Number of asset objects unloaded after import = 12
========================================================================
Received Import Request.
  Time since last request: 0.000021 seconds.
  path: Assets/Morgue Room PBR/Prefabs/props/scissors.prefab
  artifactKey: Guid(22f5407fceb4bb74b930f5f2b49aa876) Importer(815301076,1909f56bfc062723c751e8b465ee728b)
Number of updated assets reloaded before import = 0
Start importing Assets/Morgue Room PBR/Prefabs/props/scissors.prefab using Guid(22f5407fceb4bb74b930f5f2b49aa876) Importer(815301076,1909f56bfc062723c751e8b465ee728b)  -> (artifact id: 'ec90f54301f11858d2c5cac3bf2b8e51') in 0.025974 seconds 
Number of asset objects unloaded after import = 8
========================================================================
Received Import Request.
  Time since last request: 0.000028 seconds.
  path: Assets/Morgue Room PBR/Prefabs/props/brain_jar.prefab
  artifactKey: Guid(759f41d0d03c01c42891d874400f8ffb) Importer(815301076,1909f56bfc062723c751e8b465ee728b)
Number of updated assets reloaded before import = 0
Start importing Assets/Morgue Room PBR/Prefabs/props/brain_jar.prefab using Guid(759f41d0d03c01c42891d874400f8ffb) Importer(815301076,1909f56bfc062723c751e8b465ee728b)  -> (artifact id: 'cbdaee047872999f70d42c1534a45b06') in 0.487303 seconds 
Number of asset objects unloaded after import = 21
========================================================================
Received Import Request.
  Time since last request: 0.000030 seconds.
  path: Assets/Morgue Room PBR/Prefabs/props/scalp.prefab
  artifactKey: Guid(80565fbeae15fa746956cf545776c7d6) Importer(815301076,1909f56bfc062723c751e8b465ee728b)
Number of updated assets reloaded before import = 0
Start importing Assets/Morgue Room PBR/Prefabs/props/scalp.prefab using Guid(80565fbeae15fa746956cf545776c7d6) Importer(815301076,1909f56bfc062723c751e8b465ee728b)  -> (artifact id: '14b436ec7ea01f2d9f82f7c29c1e98b4') in 0.021954 seconds 
Number of asset objects unloaded after import = 8
========================================================================
Received Import Request.
  Time since last request: 0.000022 seconds.
  path: Assets/Morgue Room PBR/Prefabs/props/ceramic_sink.prefab
  artifactKey: Guid(38c8dc4fecdb792408805686d9bf2734) Importer(815301076,1909f56bfc062723c751e8b465ee728b)
Number of updated assets reloaded before import = 0
Start importing Assets/Morgue Room PBR/Prefabs/props/ceramic_sink.prefab using Guid(38c8dc4fecdb792408805686d9bf2734) Importer(815301076,1909f56bfc062723c751e8b465ee728b)  -> (artifact id: '554358ee9a3b822982845d5e69e553b6') in 0.050615 seconds 
Number of asset objects unloaded after import = 13
========================================================================
Received Import Request.
  Time since last request: 0.000033 seconds.
  path: Assets/Morgue Room PBR/Prefabs/props/light_switch.prefab
  artifactKey: Guid(815d7be770ecebf4fab949961c955692) Importer(815301076,1909f56bfc062723c751e8b465ee728b)
Number of updated assets reloaded before import = 0
Start importing Assets/Morgue Room PBR/Prefabs/props/light_switch.prefab using Guid(815d7be770ecebf4fab949961c955692) Importer(815301076,1909f56bfc062723c751e8b465ee728b)  -> (artifact id: '29c7c2d6967947170c980d5565276133') in 0.041005 seconds 
Number of asset objects unloaded after import = 12
========================================================================
Received Import Request.
  Time since last request: 0.000023 seconds.
  path: Assets/Morgue Room PBR/Prefabs/props/instrument_trolley.prefab
  artifactKey: Guid(8cdaaac046ad650478307f51f1f7886e) Importer(815301076,1909f56bfc062723c751e8b465ee728b)
Number of updated assets reloaded before import = 0
Start importing Assets/Morgue Room PBR/Prefabs/props/instrument_trolley.prefab using Guid(8cdaaac046ad650478307f51f1f7886e) Importer(815301076,1909f56bfc062723c751e8b465ee728b)  -> (artifact id: '02a7c468d013860f5ce84e0b34fffadd') in 0.052435 seconds 
Number of asset objects unloaded after import = 13
========================================================================
Received Import Request.
  Time since last request: 0.000036 seconds.
  path: Assets/Morgue Room PBR/Prefabs/props/ceiling_light.prefab
  artifactKey: Guid(947e113398f058643a47464fff50cae1) Importer(815301076,1909f56bfc062723c751e8b465ee728b)
Number of updated assets reloaded before import = 0
Start importing Assets/Morgue Room PBR/Prefabs/props/ceiling_light.prefab using Guid(947e113398f058643a47464fff50cae1) Importer(815301076,1909f56bfc062723c751e8b465ee728b)  -> (artifact id: 'a55914e0e02b96070e415dcaec7306da') in 0.038299 seconds 
Number of asset objects unloaded after import = 15
========================================================================
Received Import Request.
  Time since last request: 0.000049 seconds.
  path: Assets/Morgue Room PBR/Prefabs/props/glove_dispenser.prefab
  artifactKey: Guid(e0419c97f225685458a68669b159f710) Importer(815301076,1909f56bfc062723c751e8b465ee728b)
Number of updated assets reloaded before import = 0
Start importing Assets/Morgue Room PBR/Prefabs/props/glove_dispenser.prefab using Guid(e0419c97f225685458a68669b159f710) Importer(815301076,1909f56bfc062723c751e8b465ee728b)  -> (artifact id: '267d60afb62b9592c3939a52ed771835') in 0.042562 seconds 
Number of asset objects unloaded after import = 12
========================================================================
Received Import Request.
  Time since last request: 0.000097 seconds.
  path: Assets/Morgue Room PBR/Prefabs/props/photo_frame.prefab
  artifactKey: Guid(8555b5e3674ee2a49b8206c8ce692744) Importer(815301076,1909f56bfc062723c751e8b465ee728b)
Number of updated assets reloaded before import = 0
Start importing Assets/Morgue Room PBR/Prefabs/props/photo_frame.prefab using Guid(8555b5e3674ee2a49b8206c8ce692744) Importer(815301076,1909f56bfc062723c751e8b465ee728b)  -> (artifact id: '42bf1f9181d8bb8e3d9c0ce730fbdf37') in 0.029227 seconds 
Number of asset objects unloaded after import = 13
========================================================================
Received Import Request.
  Time since last request: 0.000029 seconds.
  path: Assets/Morgue Room PBR/Prefabs/props/notebook.prefab
  artifactKey: Guid(92794c55695387544b0181380f46d6ec) Importer(815301076,1909f56bfc062723c751e8b465ee728b)
Number of updated assets reloaded before import = 0
Start importing Assets/Morgue Room PBR/Prefabs/props/notebook.prefab using Guid(92794c55695387544b0181380f46d6ec) Importer(815301076,1909f56bfc062723c751e8b465ee728b)  -> (artifact id: '2f48d425f5253b40e8e3e58ff14bcddc') in 0.257757 seconds 
Number of asset objects unloaded after import = 11
========================================================================
Received Import Request.
  Time since last request: 0.000031 seconds.
  path: Assets/Morgue Room PBR/Prefabs/props/desk_lamp.prefab
  artifactKey: Guid(59b97e3a69ff1354e9d33792cf344de8) Importer(815301076,1909f56bfc062723c751e8b465ee728b)
Number of updated assets reloaded before import = 0
Start importing Assets/Morgue Room PBR/Prefabs/props/desk_lamp.prefab using Guid(59b97e3a69ff1354e9d33792cf344de8) Importer(815301076,1909f56bfc062723c751e8b465ee728b)  -> (artifact id: '1e20ec6c962b5bb02d550bc95756cabc') in 0.049159 seconds 
Number of asset objects unloaded after import = 31
========================================================================
Received Import Request.
  Time since last request: 2.932205 seconds.
  path: Assets/Morgue Room PBR/Prefabs/walls
  artifactKey: Guid(39c06ccd34f10314eb3ee023b8f002df) Importer(815301076,1909f56bfc062723c751e8b465ee728b)
Number of updated assets reloaded before import = 0
Start importing Assets/Morgue Room PBR/Prefabs/walls using Guid(39c06ccd34f10314eb3ee023b8f002df) Importer(815301076,1909f56bfc062723c751e8b465ee728b)  -> (artifact id: '1b8cbd2b66bc3027c2156016b8bb8345') in 0.011470 seconds 
Number of asset objects unloaded after import = 0
========================================================================
Received Import Request.
  Time since last request: 0.074457 seconds.
  path: Assets/Morgue Room PBR/Prefabs/walls/door_01.prefab
  artifactKey: Guid(39aa3d34987062c438ae976f64466405) Importer(815301076,1909f56bfc062723c751e8b465ee728b)
Number of updated assets reloaded before import = 0
Start importing Assets/Morgue Room PBR/Prefabs/walls/door_01.prefab using Guid(39aa3d34987062c438ae976f64466405) Importer(815301076,1909f56bfc062723c751e8b465ee728b)  -> (artifact id: 'd8b2ccfa344553afdad6c0e9750666a1') in 0.037248 seconds 
Number of asset objects unloaded after import = 13
========================================================================
Received Import Request.
  Time since last request: 0.000086 seconds.
  path: Assets/Morgue Room PBR/Prefabs/walls/wall_piece03.prefab
  artifactKey: Guid(0a163724c297a9443b380c1010de89f9) Importer(815301076,1909f56bfc062723c751e8b465ee728b)
Number of updated assets reloaded before import = 0
Start importing Assets/Morgue Room PBR/Prefabs/walls/wall_piece03.prefab using Guid(0a163724c297a9443b380c1010de89f9) Importer(815301076,1909f56bfc062723c751e8b465ee728b)  -> (artifact id: '3e9bc0cf1f332d077ca6d59eaada70c5') in 0.037212 seconds 
Number of asset objects unloaded after import = 12
========================================================================
Received Import Request.
  Time since last request: 0.000054 seconds.
  path: Assets/Morgue Room PBR/Prefabs/walls/wall_piece_drawer_01.prefab
  artifactKey: Guid(9c89dc19a6659c44da8c69f77554c254) Importer(815301076,1909f56bfc062723c751e8b465ee728b)
Number of updated assets reloaded before import = 0
Start importing Assets/Morgue Room PBR/Prefabs/walls/wall_piece_drawer_01.prefab using Guid(9c89dc19a6659c44da8c69f77554c254) Importer(815301076,1909f56bfc062723c751e8b465ee728b)  -> (artifact id: '3f30139e7f20807be75fc4cfb0c5eef1') in 0.035666 seconds 
Number of asset objects unloaded after import = 12
========================================================================
Received Import Request.
  Time since last request: 0.000049 seconds.
  path: Assets/Morgue Room PBR/Prefabs/walls/wall_doubledoor_piece01.prefab
  artifactKey: Guid(725159f8098f5a441afc3603e317460c) Importer(815301076,1909f56bfc062723c751e8b465ee728b)
Number of updated assets reloaded before import = 0
Start importing Assets/Morgue Room PBR/Prefabs/walls/wall_doubledoor_piece01.prefab using Guid(725159f8098f5a441afc3603e317460c) Importer(815301076,1909f56bfc062723c751e8b465ee728b)  -> (artifact id: 'd3f905cae706c1109d38de88f3efa723') in 0.038874 seconds 
Number of asset objects unloaded after import = 12
========================================================================
Received Import Request.
  Time since last request: 0.000034 seconds.
  path: Assets/Morgue Room PBR/Prefabs/walls/wall_doubledoor_single.prefab
  artifactKey: Guid(e5c617ea8d80f8549bdff0cfa079d405) Importer(815301076,1909f56bfc062723c751e8b465ee728b)
Number of updated assets reloaded before import = 0
Start importing Assets/Morgue Room PBR/Prefabs/walls/wall_doubledoor_single.prefab using Guid(e5c617ea8d80f8549bdff0cfa079d405) Importer(815301076,1909f56bfc062723c751e8b465ee728b)  -> (artifact id: 'ad86bae443d78de2ed0c0163723b031a') in 0.033980 seconds 
Number of asset objects unloaded after import = 12
========================================================================
Received Import Request.
  Time since last request: 4.295373 seconds.
  path: Assets/Morgue Room PBR/Prefabs/decals
  artifactKey: Guid(e510f5b7fb0b0e049b51ed978f5f258f) Importer(815301076,1909f56bfc062723c751e8b465ee728b)
Number of updated assets reloaded before import = 0
Start importing Assets/Morgue Room PBR/Prefabs/decals using Guid(e510f5b7fb0b0e049b51ed978f5f258f) Importer(815301076,1909f56bfc062723c751e8b465ee728b)  -> (artifact id: '84a7ea578fd74a21f8c2f2b211e6d7a4') in 0.011236 seconds 
Number of asset objects unloaded after import = 0
========================================================================
Received Import Request.
  Time since last request: 0.059853 seconds.
  path: Assets/Morgue Room PBR/Prefabs/decals/drain_decal.prefab
  artifactKey: Guid(69d8c128bceb6394aa69d849207e7dce) Importer(815301076,1909f56bfc062723c751e8b465ee728b)
Number of updated assets reloaded before import = 0
Start importing Assets/Morgue Room PBR/Prefabs/decals/drain_decal.prefab using Guid(69d8c128bceb6394aa69d849207e7dce) Importer(815301076,1909f56bfc062723c751e8b465ee728b)  -> (artifact id: 'b66cd33b9d007429a8af0635d783fedd') in 0.227524 seconds 
Number of asset objects unloaded after import = 10
========================================================================
Received Import Request.
  Time since last request: 2.430132 seconds.
  path: Assets/Morgue Room PBR/Prefabs/ceiling
  artifactKey: Guid(977cd2d2a265a5242a50677ae8cc5302) Importer(815301076,1909f56bfc062723c751e8b465ee728b)
Number of updated assets reloaded before import = 0
Start importing Assets/Morgue Room PBR/Prefabs/ceiling using Guid(977cd2d2a265a5242a50677ae8cc5302) Importer(815301076,1909f56bfc062723c751e8b465ee728b)  -> (artifact id: '56232e9db86686d95986631189378b8b') in 0.010943 seconds 
Number of asset objects unloaded after import = 0
========================================================================
Received Import Request.
  Time since last request: 0.085031 seconds.
  path: Assets/Morgue Room PBR/Prefabs/ceiling/floor_ceiling_4x4.prefab
  artifactKey: Guid(5c9fcce56ce141242b4795f96796d784) Importer(815301076,1909f56bfc062723c751e8b465ee728b)
Number of updated assets reloaded before import = 0
Start importing Assets/Morgue Room PBR/Prefabs/ceiling/floor_ceiling_4x4.prefab using Guid(5c9fcce56ce141242b4795f96796d784) Importer(815301076,1909f56bfc062723c751e8b465ee728b)  -> (artifact id: '18453cdd1c2b0387e1db3c5188388232') in 0.028310 seconds 
Number of asset objects unloaded after import = 12
========================================================================
Received Import Request.
  Time since last request: 0.000017 seconds.
  path: Assets/Morgue Room PBR/Prefabs/ceiling/floor_ceiling_8x16.prefab
  artifactKey: Guid(24862cb6c23a09a4bafd3f687430b163) Importer(815301076,1909f56bfc062723c751e8b465ee728b)
Number of updated assets reloaded before import = 0
Start importing Assets/Morgue Room PBR/Prefabs/ceiling/floor_ceiling_8x16.prefab using Guid(24862cb6c23a09a4bafd3f687430b163) Importer(815301076,1909f56bfc062723c751e8b465ee728b)  -> (artifact id: 'a6bfd0f3f8612992b338c51a51b36a5c') in 0.035445 seconds 
Number of asset objects unloaded after import = 12
