Using pre-set license
Built from '2021.3/staging' branch; Version is '2021.3.30f1 (b4360d7cdac4) revision 11810317'; Using compiler version '192829333'; Build Type 'Release'
OS: 'Windows 11  (10.0.22631) 64bit Core' Language: 'fr' Physical Memory: 15756 MB
BatchMode: 1, IsHumanControllingUs: 0, StartBugReporterOnCrash: 0, Is64bit: 1, IsPro: 1

COMMAND LINE ARGUMENTS:
C:\Program Files\Unity\Hub\Editor\2021.3.30f1\Editor\Unity.exe
-adb2
-batchMode
-noUpm
-name
AssetImportWorker1
-projectPath
C:/Users/marga/OneDrive/Documents/GitHub/V2/Project-ARVR
-logFile
Logs/AssetImportWorker1.log
-srvPort
51769
Successfully changed project path to: C:/Users/marga/OneDrive/Documents/GitHub/V2/Project-ARVR
C:/Users/marga/OneDrive/Documents/GitHub/V2/Project-ARVR
[UnityMemory] Configuration Parameters - Can be set up in boot.config
    "memorysetup-bucket-allocator-granularity=16"
    "memorysetup-bucket-allocator-bucket-count=8"
    "memorysetup-bucket-allocator-block-size=33554432"
    "memorysetup-bucket-allocator-block-count=8"
    "memorysetup-main-allocator-block-size=16777216"
    "memorysetup-thread-allocator-block-size=16777216"
    "memorysetup-gfx-main-allocator-block-size=16777216"
    "memorysetup-gfx-thread-allocator-block-size=16777216"
    "memorysetup-cache-allocator-block-size=4194304"
    "memorysetup-typetree-allocator-block-size=2097152"
    "memorysetup-profiler-bucket-allocator-granularity=16"
    "memorysetup-profiler-bucket-allocator-bucket-count=8"
    "memorysetup-profiler-bucket-allocator-block-size=33554432"
    "memorysetup-profiler-bucket-allocator-block-count=8"
    "memorysetup-profiler-allocator-block-size=16777216"
    "memorysetup-profiler-editor-allocator-block-size=1048576"
    "memorysetup-temp-allocator-size-main=16777216"
    "memorysetup-job-temp-allocator-block-size=2097152"
    "memorysetup-job-temp-allocator-block-size-background=1048576"
    "memorysetup-job-temp-allocator-reduction-small-platforms=262144"
    "memorysetup-temp-allocator-size-background-worker=32768"
    "memorysetup-temp-allocator-size-job-worker=262144"
    "memorysetup-temp-allocator-size-preload-manager=33554432"
    "memorysetup-temp-allocator-size-nav-mesh-worker=65536"
    "memorysetup-temp-allocator-size-audio-worker=65536"
    "memorysetup-temp-allocator-size-cloud-worker=32768"
    "memorysetup-temp-allocator-size-gi-baking-worker=262144"
    "memorysetup-temp-allocator-size-gfx=262144"
Player connection [36300] Host "[IP] 10.1.183.122 [Port] 0 [Flags] 2 [Guid] 1467155275 [EditorId] 1467155275 [Version] 1048832 [Id] WindowsEditor(7,DESKTOP-78K8IAA) [Debug] 1 [PackageName] WindowsEditor [ProjectName] Editor" joined multi-casting on [225.0.0.222:54997]...

Player connection [36300] Host "[IP] 10.1.183.122 [Port] 0 [Flags] 2 [Guid] 1467155275 [EditorId] 1467155275 [Version] 1048832 [Id] WindowsEditor(7,DESKTOP-78K8IAA) [Debug] 1 [PackageName] WindowsEditor [ProjectName] Editor" joined alternative multi-casting on [225.0.0.222:34997]...

[Physics::Module] Initialized MultithreadedJobDispatcher with {0} workers.
Refreshing native plugins compatible for Editor in 64.86 ms, found 3 plugins.
Preloading 0 native plugins for Editor in 0.00 ms.
Initialize engine version: 2021.3.30f1 (b4360d7cdac4)
[Subsystems] Discovering subsystems at path C:/Program Files/Unity/Hub/Editor/2021.3.30f1/Editor/Data/Resources/UnitySubsystems
[Subsystems] Discovering subsystems at path C:/Users/marga/OneDrive/Documents/GitHub/V2/Project-ARVR/Assets
GfxDevice: creating device client; threaded=0; jobified=0
Direct3D:
    Version:  Direct3D 11.0 [level 11.1]
    Renderer: AMD Radeon(TM) Graphics (ID=0x1636)
    Vendor:   ATI
    VRAM:     7878 MB
    Driver:   27.20.21020.4003
Initialize mono
Mono path[0] = 'C:/Program Files/Unity/Hub/Editor/2021.3.30f1/Editor/Data/Managed'
Mono path[1] = 'C:/Program Files/Unity/Hub/Editor/2021.3.30f1/Editor/Data/MonoBleedingEdge/lib/mono/unityjit-win32'
Mono config path = 'C:/Program Files/Unity/Hub/Editor/2021.3.30f1/Editor/Data/MonoBleedingEdge/etc'
Using monoOptions --debugger-agent=transport=dt_socket,embedding=1,server=y,suspend=n,address=127.0.0.1:56812
Begin MonoManager ReloadAssembly
Registering precompiled unity dll's ...
Register platform support module: C:/Program Files/Unity/Hub/Editor/2021.3.30f1/Editor/Data/PlaybackEngines/WebGLSupport/UnityEditor.WebGL.Extensions.dll
Register platform support module: C:/Program Files/Unity/Hub/Editor/2021.3.30f1/Editor/Data/PlaybackEngines/WindowsStandaloneSupport/UnityEditor.WindowsStandalone.Extensions.dll
Registered in 0.008526 seconds.
Native extension for WindowsStandalone target not found
Native extension for WebGL target not found
Refreshing native plugins compatible for Editor in 69.74 ms, found 3 plugins.
Preloading 0 native plugins for Editor in 0.00 ms.
Mono: successfully reloaded assembly
- Completed reload, in  0.704 seconds
Domain Reload Profiling:
	ReloadAssembly (705ms)
		BeginReloadAssembly (110ms)
			ExecutionOrderSort (0ms)
			DisableScriptedObjects (0ms)
			BackupInstance (0ms)
			ReleaseScriptingObjects (0ms)
			CreateAndSetChildDomain (1ms)
		EndReloadAssembly (487ms)
			LoadAssemblies (108ms)
			RebuildTransferFunctionScriptingTraits (0ms)
			SetupTypeCache (117ms)
			ReleaseScriptCaches (0ms)
			RebuildScriptCaches (33ms)
			SetupLoadedEditorAssemblies (293ms)
				LogAssemblyErrors (0ms)
				InitializePlatformSupportModulesInManaged (11ms)
				SetLoadedEditorAssemblies (0ms)
				RefreshPlugins (70ms)
				BeforeProcessingInitializeOnLoad (2ms)
				ProcessInitializeOnLoadAttributes (155ms)
				ProcessInitializeOnLoadMethodAttributes (56ms)
				AfterProcessingInitializeOnLoad (0ms)
				EditorAssembliesLoaded (0ms)
			ExecutionOrderSort2 (0ms)
			AwakeInstancesAfterBackupRestoration (0ms)
Platform modules already initialized, skipping
Registering precompiled user dll's ...
Registered in 0.008569 seconds.
Begin MonoManager ReloadAssembly
Native extension for WindowsStandalone target not found
Native extension for WebGL target not found
Refreshing native plugins compatible for Editor in 0.64 ms, found 3 plugins.
Preloading 0 native plugins for Editor in 0.00 ms.
Package Manager log level set to [2]
[Package Manager] Server::EnsureServerProcessIsRunning -- launch failed, reason: Unity was launched with the -noUpm command-line argument
[Package Manager] Cannot connect to Unity Package Manager local server
Mono: successfully reloaded assembly
- Completed reload, in  1.454 seconds
Domain Reload Profiling:
	ReloadAssembly (1455ms)
		BeginReloadAssembly (155ms)
			ExecutionOrderSort (0ms)
			DisableScriptedObjects (6ms)
			BackupInstance (0ms)
			ReleaseScriptingObjects (0ms)
			CreateAndSetChildDomain (23ms)
		EndReloadAssembly (1190ms)
			LoadAssemblies (127ms)
			RebuildTransferFunctionScriptingTraits (0ms)
			SetupTypeCache (287ms)
			ReleaseScriptCaches (1ms)
			RebuildScriptCaches (52ms)
			SetupLoadedEditorAssemblies (721ms)
				LogAssemblyErrors (0ms)
				InitializePlatformSupportModulesInManaged (10ms)
				SetLoadedEditorAssemblies (0ms)
				RefreshPlugins (1ms)
				BeforeProcessingInitializeOnLoad (85ms)
				ProcessInitializeOnLoadAttributes (592ms)
				ProcessInitializeOnLoadMethodAttributes (25ms)
				AfterProcessingInitializeOnLoad (8ms)
				EditorAssembliesLoaded (0ms)
			ExecutionOrderSort2 (0ms)
			AwakeInstancesAfterBackupRestoration (7ms)
Platform modules already initialized, skipping
========================================================================
Worker process is ready to serve import requests
Launched and connected shader compiler UnityShaderCompiler.exe after 0.08 seconds
Refreshing native plugins compatible for Editor in 0.59 ms, found 3 plugins.
Preloading 0 native plugins for Editor in 0.00 ms.
Unloading 3067 Unused Serialized files (Serialized files now loaded: 0)
Unloading 23 unused Assets / (46.4 KB). Loaded Objects now: 3527.
Memory consumption went from 108.0 MB to 108.0 MB.
Total: 3.431200 ms (FindLiveObjects: 0.417700 ms CreateObjectMapping: 0.165800 ms MarkObjects: 2.756300 ms  DeleteObjects: 0.089600 ms)

AssetImportParameters requested are different than current active one (requested -> active):
  custom:video-decoder-ogg-theora: a1e56fd34408186e4bbccfd4996cb3dc -> 
  custom:container-muxer-webm: aa71ff27fc2769a1b78a27578f13a17b -> 
  custom:container-demuxer-webm: 4f35f7cbe854078d1ac9338744f61a02 -> 
  custom:video-encoder-webm-vp8: eb34c28f22e8b96e1ab97ce403110664 -> 
  custom:video-codec-MediaFoundation-h265: 746d11721c4dcdbdad8f713fa42b33f4 -> 
  custom:CustomObjectIndexerAttribute: bc11b3a6c3213fcdd17b65e7da85e133 -> 
  custom:audio-encoder-webm-vorbis: bf7c407c2cedff20999df2af8eb42d56 -> 
  custom:framework-win-MediaFoundation: 216162199b28c13a410421893ffa2e32 -> 
  custom:SearchIndexIgnoredProperties: e643bd26f0fe6173181afceb89e7c659 -> 
  custom:container-demuxer-ogg: 62fdf1f143b41e24485cea50d1cbac27 -> 
  custom:video-decoder-webm-vp8: 9c59270c3fd7afecdb556c50c9e8de78 -> 
  custom:audio-decoder-ogg-vorbis: bf7c407c2cedff20999df2af8eb42d56 -> 
========================================================================
Received Import Request.
  Time since last request: 241768.366411 seconds.
  path: Assets/Morgue Room PBR/Models/floor/floor_ceiling_4x16.fbx
  artifactKey: Guid(1fdfe0a1ed45e5a46a7c30664cca38c5) Importer(815301076,1909f56bfc062723c751e8b465ee728b)
Number of updated assets reloaded before import = 0
Start importing Assets/Morgue Room PBR/Models/floor/floor_ceiling_4x16.fbx using Guid(1fdfe0a1ed45e5a46a7c30664cca38c5) Importer(815301076,1909f56bfc062723c751e8b465ee728b)  -> (artifact id: '294937512437c0ee854982f36bf344ef') in 0.167284 seconds 
Number of asset objects unloaded after import = 8
========================================================================
Received Import Request.
  Time since last request: 0.000040 seconds.
  path: Assets/Morgue Room PBR
  artifactKey: Guid(b34a858ec37d6604ca6a9ba1a1114094) Importer(815301076,1909f56bfc062723c751e8b465ee728b)
Number of updated assets reloaded before import = 0
Start importing Assets/Morgue Room PBR using Guid(b34a858ec37d6604ca6a9ba1a1114094) Importer(815301076,1909f56bfc062723c751e8b465ee728b)  -> (artifact id: 'e133da227ea38339c37d1aea62898151') in 0.011229 seconds 
Number of asset objects unloaded after import = 0
========================================================================
Received Import Request.
  Time since last request: 0.000027 seconds.
  path: Assets/Morgue Room PBR/Models/floor/floor_ceiling_4x4.fbx
  artifactKey: Guid(520074d9834269448bf268f5cb1f9215) Importer(815301076,1909f56bfc062723c751e8b465ee728b)
Number of updated assets reloaded before import = 0
Start importing Assets/Morgue Room PBR/Models/floor/floor_ceiling_4x4.fbx using Guid(520074d9834269448bf268f5cb1f9215) Importer(815301076,1909f56bfc062723c751e8b465ee728b)  -> (artifact id: '858a6000dd3d901c9b9daa53a41dcb64') in 0.140951 seconds 
Number of asset objects unloaded after import = 8
========================================================================
Received Import Request.
  Time since last request: 55.268233 seconds.
  path: Assets/Morgue Room PBR/Models/floor/Materials/ceiling_01_mat.mat
  artifactKey: Guid(9d0b89dd5f51ec6428c88bb296cfa117) Importer(815301076,1909f56bfc062723c751e8b465ee728b)
Number of updated assets reloaded before import = 0
Start importing Assets/Morgue Room PBR/Models/floor/Materials/ceiling_01_mat.mat using Guid(9d0b89dd5f51ec6428c88bb296cfa117) Importer(815301076,1909f56bfc062723c751e8b465ee728b)  -> (artifact id: 'e359c3f1cf8faa18001ea05a7f59c2dd') in 0.302460 seconds 
Number of asset objects unloaded after import = 4
========================================================================
Received Import Request.
  Time since last request: 0.000028 seconds.
  path: Assets/Morgue Room PBR/Models/floor/Materials/ceiling_01_metallic.tga
  artifactKey: Guid(4f23f9c16e7b9094fbe73acb6e9bdfe5) Importer(815301076,1909f56bfc062723c751e8b465ee728b)
Number of updated assets reloaded before import = 0
Start importing Assets/Morgue Room PBR/Models/floor/Materials/ceiling_01_metallic.tga using Guid(4f23f9c16e7b9094fbe73acb6e9bdfe5) Importer(815301076,1909f56bfc062723c751e8b465ee728b)  -> (artifact id: 'ad21e78b79a67be197b996a3b9bf699e') in 0.042544 seconds 
Number of asset objects unloaded after import = 2
========================================================================
Received Import Request.
  Time since last request: 0.000037 seconds.
  path: Assets/Morgue Room PBR/Models/floor/Materials/ceiling_01_normal.tga
  artifactKey: Guid(4c8935c1d651c5445ae94c4b723f4cea) Importer(815301076,1909f56bfc062723c751e8b465ee728b)
Number of updated assets reloaded before import = 0
Start importing Assets/Morgue Room PBR/Models/floor/Materials/ceiling_01_normal.tga using Guid(4c8935c1d651c5445ae94c4b723f4cea) Importer(815301076,1909f56bfc062723c751e8b465ee728b)  -> (artifact id: '9da91ce4858528d97efb31e0c06827b5') in 0.027124 seconds 
Number of asset objects unloaded after import = 2
========================================================================
Received Import Request.
  Time since last request: 0.000035 seconds.
  path: Assets/Morgue Room PBR/Models/floor/Materials/floor_01_basecolor.tga
  artifactKey: Guid(8374b2c20a14d614c826c2370adc2373) Importer(815301076,1909f56bfc062723c751e8b465ee728b)
Number of updated assets reloaded before import = 0
Start importing Assets/Morgue Room PBR/Models/floor/Materials/floor_01_basecolor.tga using Guid(8374b2c20a14d614c826c2370adc2373) Importer(815301076,1909f56bfc062723c751e8b465ee728b)  -> (artifact id: 'b7a8a0a7da2b79391956f569f3a4005a') in 0.024758 seconds 
Number of asset objects unloaded after import = 2
========================================================================
Received Prepare
Registering precompiled user dll's ...
Registered in 0.008884 seconds.
Begin MonoManager ReloadAssembly
Native extension for WindowsStandalone target not found
Native extension for WebGL target not found
Refreshing native plugins compatible for Editor in 1.05 ms, found 3 plugins.
Preloading 0 native plugins for Editor in 0.00 ms.
[Package Manager] Server::EnsureServerProcessIsRunning -- launch failed, reason: Unity was launched with the -noUpm command-line argument
[Package Manager] Cannot connect to Unity Package Manager local server
Mono: successfully reloaded assembly
- Completed reload, in  2.092 seconds
Domain Reload Profiling:
	ReloadAssembly (2093ms)
		BeginReloadAssembly (199ms)
			ExecutionOrderSort (0ms)
			DisableScriptedObjects (8ms)
			BackupInstance (0ms)
			ReleaseScriptingObjects (0ms)
			CreateAndSetChildDomain (39ms)
		EndReloadAssembly (1736ms)
			LoadAssemblies (156ms)
			RebuildTransferFunctionScriptingTraits (0ms)
			SetupTypeCache (474ms)
			ReleaseScriptCaches (2ms)
			RebuildScriptCaches (80ms)
			SetupLoadedEditorAssemblies (962ms)
				LogAssemblyErrors (0ms)
				InitializePlatformSupportModulesInManaged (13ms)
				SetLoadedEditorAssemblies (1ms)
				RefreshPlugins (1ms)
				BeforeProcessingInitializeOnLoad (107ms)
				ProcessInitializeOnLoadAttributes (777ms)
				ProcessInitializeOnLoadMethodAttributes (48ms)
				AfterProcessingInitializeOnLoad (14ms)
				EditorAssembliesLoaded (0ms)
			ExecutionOrderSort2 (0ms)
			AwakeInstancesAfterBackupRestoration (11ms)
Platform modules already initialized, skipping
Refreshing native plugins compatible for Editor in 0.82 ms, found 3 plugins.
Preloading 0 native plugins for Editor in 0.00 ms.
Unloading 3060 Unused Serialized files (Serialized files now loaded: 0)
Unloading 18 unused Assets / (21.9 KB). Loaded Objects now: 3578.
Memory consumption went from 112.7 MB to 112.7 MB.
Total: 3.943400 ms (FindLiveObjects: 0.456600 ms CreateObjectMapping: 0.116300 ms MarkObjects: 3.332800 ms  DeleteObjects: 0.035500 ms)

AssetImportParameters requested are different than current active one (requested -> active):
  custom:video-decoder-ogg-theora: a1e56fd34408186e4bbccfd4996cb3dc -> 
  custom:container-muxer-webm: aa71ff27fc2769a1b78a27578f13a17b -> 
  custom:container-demuxer-webm: 4f35f7cbe854078d1ac9338744f61a02 -> 
  custom:video-encoder-webm-vp8: eb34c28f22e8b96e1ab97ce403110664 -> 
  custom:video-codec-MediaFoundation-h265: 746d11721c4dcdbdad8f713fa42b33f4 -> 
  custom:CustomObjectIndexerAttribute: bc11b3a6c3213fcdd17b65e7da85e133 -> 
  custom:audio-encoder-webm-vorbis: bf7c407c2cedff20999df2af8eb42d56 -> 
  custom:framework-win-MediaFoundation: 216162199b28c13a410421893ffa2e32 -> 
  custom:SearchIndexIgnoredProperties: e643bd26f0fe6173181afceb89e7c659 -> 
  custom:container-demuxer-ogg: 62fdf1f143b41e24485cea50d1cbac27 -> 
  custom:video-decoder-webm-vp8: 9c59270c3fd7afecdb556c50c9e8de78 -> 
  custom:audio-decoder-ogg-vorbis: bf7c407c2cedff20999df2af8eb42d56 -> 
========================================================================
Received Import Request.
  Time since last request: 42.761881 seconds.
  path: Assets/Morgue Room PBR/Models/wall/doubledoor_frame01.fbx
  artifactKey: Guid(1109c1cb853e90c42af15673e7262966) Importer(815301076,1909f56bfc062723c751e8b465ee728b)
Number of updated assets reloaded before import = 0
Start importing Assets/Morgue Room PBR/Models/wall/doubledoor_frame01.fbx using Guid(1109c1cb853e90c42af15673e7262966) Importer(815301076,1909f56bfc062723c751e8b465ee728b)  -> (artifact id: 'd1c8539e8ab89c0173ea345f3e0ab5d3') in 0.117015 seconds 
Number of asset objects unloaded after import = 12
========================================================================
Received Import Request.
  Time since last request: 0.000067 seconds.
  path: Assets/Morgue Room PBR/Models/wall/wall_piece01.fbx
  artifactKey: Guid(5ad9ee1b19ec3bf4cb86b01d9d07cebc) Importer(815301076,1909f56bfc062723c751e8b465ee728b)
Number of updated assets reloaded before import = 0
Start importing Assets/Morgue Room PBR/Models/wall/wall_piece01.fbx using Guid(5ad9ee1b19ec3bf4cb86b01d9d07cebc) Importer(815301076,1909f56bfc062723c751e8b465ee728b)  -> (artifact id: '9fe40de83a373c0c8176b8fbf0625dca') in 0.043513 seconds 
Number of asset objects unloaded after import = 12
========================================================================
Received Import Request.
  Time since last request: 0.000045 seconds.
  path: Assets/Morgue Room PBR/Models/wall/wall_piece03.fbx
  artifactKey: Guid(9554a543d125890489458687ac5c2129) Importer(815301076,1909f56bfc062723c751e8b465ee728b)
Number of updated assets reloaded before import = 0
Start importing Assets/Morgue Room PBR/Models/wall/wall_piece03.fbx using Guid(9554a543d125890489458687ac5c2129) Importer(815301076,1909f56bfc062723c751e8b465ee728b)  -> (artifact id: '7fc806f9f3e22341275cecd553026a5b') in 0.042534 seconds 
Number of asset objects unloaded after import = 12
========================================================================
Received Import Request.
  Time since last request: 0.000026 seconds.
  path: Assets/Morgue Room PBR/Models/wall/wall_piece02.fbx
  artifactKey: Guid(6f3092583c7e91a448323483ded1851a) Importer(815301076,1909f56bfc062723c751e8b465ee728b)
Number of updated assets reloaded before import = 0
Start importing Assets/Morgue Room PBR/Models/wall/wall_piece02.fbx using Guid(6f3092583c7e91a448323483ded1851a) Importer(815301076,1909f56bfc062723c751e8b465ee728b)  -> (artifact id: '69dcf6ead5bffaefb8406ec0d75df38e') in 0.040235 seconds 
Number of asset objects unloaded after import = 12
========================================================================
Received Import Request.
  Time since last request: 0.000021 seconds.
  path: Assets/Morgue Room PBR/Models/wall/wall_piece_drawer_01.fbx
  artifactKey: Guid(5e400555fdb6893428d8e6fc7f6a64dc) Importer(815301076,1909f56bfc062723c751e8b465ee728b)
Number of updated assets reloaded before import = 0
Start importing Assets/Morgue Room PBR/Models/wall/wall_piece_drawer_01.fbx using Guid(5e400555fdb6893428d8e6fc7f6a64dc) Importer(815301076,1909f56bfc062723c751e8b465ee728b)  -> (artifact id: 'b7d02fcb39de2404aed8d15ed83c4e76') in 0.040330 seconds 
Number of asset objects unloaded after import = 12
========================================================================
Received Import Request.
  Time since last request: 0.000027 seconds.
  path: Assets/Morgue Room PBR/Models/wall/wall_doubledoor_single.fbx
  artifactKey: Guid(38fba425102dc894888efdd0cc54bb60) Importer(815301076,1909f56bfc062723c751e8b465ee728b)
Number of updated assets reloaded before import = 0
Start importing Assets/Morgue Room PBR/Models/wall/wall_doubledoor_single.fbx using Guid(38fba425102dc894888efdd0cc54bb60) Importer(815301076,1909f56bfc062723c751e8b465ee728b)  -> (artifact id: '641c9e4d32b57ad00dcf913aeae5653c') in 0.048431 seconds 
Number of asset objects unloaded after import = 12
========================================================================
Received Import Request.
  Time since last request: 0.000026 seconds.
  path: Assets/Morgue Room PBR/Models/wall/wall_doubledoor_piece01.fbx
  artifactKey: Guid(805c8b6da73978744aab3e8ba63bb9ae) Importer(815301076,1909f56bfc062723c751e8b465ee728b)
Number of updated assets reloaded before import = 0
Start importing Assets/Morgue Room PBR/Models/wall/wall_doubledoor_piece01.fbx using Guid(805c8b6da73978744aab3e8ba63bb9ae) Importer(815301076,1909f56bfc062723c751e8b465ee728b)  -> (artifact id: '0963fe7e7371a9d277dd200158e5c485') in 0.051832 seconds 
Number of asset objects unloaded after import = 12
========================================================================
Received Import Request.
  Time since last request: 0.000027 seconds.
  path: Assets/Morgue Room PBR/Models/wall/wall_corner01.fbx
  artifactKey: Guid(7f3d776ee10437a4aa47a26dd895cb66) Importer(815301076,1909f56bfc062723c751e8b465ee728b)
Number of updated assets reloaded before import = 0
Start importing Assets/Morgue Room PBR/Models/wall/wall_corner01.fbx using Guid(7f3d776ee10437a4aa47a26dd895cb66) Importer(815301076,1909f56bfc062723c751e8b465ee728b)  -> (artifact id: '36181c8c4902e241d0a0bafa12912430') in 0.056262 seconds 
Number of asset objects unloaded after import = 12
========================================================================
Received Prepare
Registering precompiled user dll's ...
Registered in 0.008204 seconds.
Begin MonoManager ReloadAssembly
Native extension for WindowsStandalone target not found
Native extension for WebGL target not found
Refreshing native plugins compatible for Editor in 1.06 ms, found 3 plugins.
Preloading 0 native plugins for Editor in 0.00 ms.
[Package Manager] Server::EnsureServerProcessIsRunning -- launch failed, reason: Unity was launched with the -noUpm command-line argument
[Package Manager] Cannot connect to Unity Package Manager local server
Mono: successfully reloaded assembly
- Completed reload, in  1.984 seconds
Domain Reload Profiling:
	ReloadAssembly (1985ms)
		BeginReloadAssembly (208ms)
			ExecutionOrderSort (0ms)
			DisableScriptedObjects (6ms)
			BackupInstance (0ms)
			ReleaseScriptingObjects (0ms)
			CreateAndSetChildDomain (38ms)
		EndReloadAssembly (1612ms)
			LoadAssemblies (175ms)
			RebuildTransferFunctionScriptingTraits (0ms)
			SetupTypeCache (450ms)
			ReleaseScriptCaches (2ms)
			RebuildScriptCaches (69ms)
			SetupLoadedEditorAssemblies (880ms)
				LogAssemblyErrors (0ms)
				InitializePlatformSupportModulesInManaged (12ms)
				SetLoadedEditorAssemblies (1ms)
				RefreshPlugins (1ms)
				BeforeProcessingInitializeOnLoad (101ms)
				ProcessInitializeOnLoadAttributes (705ms)
				ProcessInitializeOnLoadMethodAttributes (42ms)
				AfterProcessingInitializeOnLoad (17ms)
				EditorAssembliesLoaded (0ms)
			ExecutionOrderSort2 (0ms)
			AwakeInstancesAfterBackupRestoration (12ms)
Platform modules already initialized, skipping
Refreshing native plugins compatible for Editor in 0.98 ms, found 3 plugins.
Preloading 0 native plugins for Editor in 0.00 ms.
Unloading 3060 Unused Serialized files (Serialized files now loaded: 0)
Unloading 18 unused Assets / (21.9 KB). Loaded Objects now: 3581.
Memory consumption went from 112.7 MB to 112.7 MB.
Total: 4.546500 ms (FindLiveObjects: 0.467900 ms CreateObjectMapping: 0.148800 ms MarkObjects: 3.863000 ms  DeleteObjects: 0.064400 ms)

AssetImportParameters requested are different than current active one (requested -> active):
  custom:video-decoder-ogg-theora: a1e56fd34408186e4bbccfd4996cb3dc -> 
  custom:container-muxer-webm: aa71ff27fc2769a1b78a27578f13a17b -> 
  custom:container-demuxer-webm: 4f35f7cbe854078d1ac9338744f61a02 -> 
  custom:video-encoder-webm-vp8: eb34c28f22e8b96e1ab97ce403110664 -> 
  custom:video-codec-MediaFoundation-h265: 746d11721c4dcdbdad8f713fa42b33f4 -> 
  custom:CustomObjectIndexerAttribute: bc11b3a6c3213fcdd17b65e7da85e133 -> 
  custom:audio-encoder-webm-vorbis: bf7c407c2cedff20999df2af8eb42d56 -> 
  custom:framework-win-MediaFoundation: 216162199b28c13a410421893ffa2e32 -> 
  custom:SearchIndexIgnoredProperties: e643bd26f0fe6173181afceb89e7c659 -> 
  custom:container-demuxer-ogg: 62fdf1f143b41e24485cea50d1cbac27 -> 
  custom:video-decoder-webm-vp8: 9c59270c3fd7afecdb556c50c9e8de78 -> 
  custom:audio-decoder-ogg-vorbis: bf7c407c2cedff20999df2af8eb42d56 -> 
========================================================================
Received Import Request.
  Time since last request: 161.631994 seconds.
  path: Assets/Morgue Room PBR/Models/wall/Materials/doorframes_metallic.tga
  artifactKey: Guid(447b0dc3223d8a74ca97fefc35b94b65) Importer(815301076,1909f56bfc062723c751e8b465ee728b)
Number of updated assets reloaded before import = 0
Start importing Assets/Morgue Room PBR/Models/wall/Materials/doorframes_metallic.tga using Guid(447b0dc3223d8a74ca97fefc35b94b65) Importer(815301076,1909f56bfc062723c751e8b465ee728b)  -> (artifact id: 'bf8308e36e0a1826e8697356be4fcfde') in 0.061136 seconds 
Number of asset objects unloaded after import = 2
========================================================================
Received Import Request.
  Time since last request: 0.000039 seconds.
  path: Assets/Morgue Room PBR/Models/wall/Materials/wall_piece_mat02.mat
  artifactKey: Guid(c036a9c91eb84bc4c93e5dc1e938c49a) Importer(815301076,1909f56bfc062723c751e8b465ee728b)
Number of updated assets reloaded before import = 0
Start importing Assets/Morgue Room PBR/Models/wall/Materials/wall_piece_mat02.mat using Guid(c036a9c91eb84bc4c93e5dc1e938c49a) Importer(815301076,1909f56bfc062723c751e8b465ee728b)  -> (artifact id: '2c8db6f31306857b91f9c34a5a125490') in 0.087515 seconds 
Number of asset objects unloaded after import = 4
========================================================================
Received Import Request.
  Time since last request: 0.000077 seconds.
  path: Assets/Morgue Room PBR/Models/wall/Materials/wall_basecolor.tga
  artifactKey: Guid(fd121f09d3b1380418ce54791ab6ae28) Importer(815301076,1909f56bfc062723c751e8b465ee728b)
Number of updated assets reloaded before import = 0
Start importing Assets/Morgue Room PBR/Models/wall/Materials/wall_basecolor.tga using Guid(fd121f09d3b1380418ce54791ab6ae28) Importer(815301076,1909f56bfc062723c751e8b465ee728b)  -> (artifact id: '6b4b63bb255023f0c2cfa0b1eff89980') in 0.031339 seconds 
Number of asset objects unloaded after import = 2
========================================================================
Received Import Request.
  Time since last request: 0.000089 seconds.
  path: Assets/Morgue Room PBR/Models/wall/Materials/doorframes_normal.tga
  artifactKey: Guid(ba7ff999e270f0644858db8cb5283551) Importer(815301076,1909f56bfc062723c751e8b465ee728b)
Number of updated assets reloaded before import = 0
Start importing Assets/Morgue Room PBR/Models/wall/Materials/doorframes_normal.tga using Guid(ba7ff999e270f0644858db8cb5283551) Importer(815301076,1909f56bfc062723c751e8b465ee728b)  -> (artifact id: '89e5f93dcf913947d5a400c5e870baa1') in 0.029419 seconds 
Number of asset objects unloaded after import = 2
========================================================================
Received Import Request.
  Time since last request: 62.428686 seconds.
  path: Assets/Morgue Room PBR/morgue scene/morgue/ReflectionProbe-0.exr
  artifactKey: Guid(e4b1b8489170cc641a647b2f765d219f) Importer(815301076,1909f56bfc062723c751e8b465ee728b)
Number of updated assets reloaded before import = 0
Start importing Assets/Morgue Room PBR/morgue scene/morgue/ReflectionProbe-0.exr using Guid(e4b1b8489170cc641a647b2f765d219f) Importer(815301076,1909f56bfc062723c751e8b465ee728b)  -> (artifact id: '676a9abc213a8e990d9080c2e43db720') in 0.044976 seconds 
Number of asset objects unloaded after import = 1
========================================================================
Received Import Request.
  Time since last request: 0.000044 seconds.
  path: Assets/Morgue Room PBR/morgue scene/morgue
  artifactKey: Guid(46d574bd5e878134abc04ded4be7ea27) Importer(815301076,1909f56bfc062723c751e8b465ee728b)
Number of updated assets reloaded before import = 0
Start importing Assets/Morgue Room PBR/morgue scene/morgue using Guid(46d574bd5e878134abc04ded4be7ea27) Importer(815301076,1909f56bfc062723c751e8b465ee728b)  -> (artifact id: 'b8fbc63e1384c41d5e91f5cc63f8a6e4') in 0.014218 seconds 
Number of asset objects unloaded after import = 0
========================================================================
Received Import Request.
  Time since last request: 0.000039 seconds.
  path: Assets/Morgue Room PBR/morgue scene/morgue/ReflectionProbe-3.exr
  artifactKey: Guid(f8eed365217ea554f96d1e51c85cf325) Importer(815301076,1909f56bfc062723c751e8b465ee728b)
Number of updated assets reloaded before import = 0
Start importing Assets/Morgue Room PBR/morgue scene/morgue/ReflectionProbe-3.exr using Guid(f8eed365217ea554f96d1e51c85cf325) Importer(815301076,1909f56bfc062723c751e8b465ee728b)  -> (artifact id: 'd19dcf1b3c658c93c43a41378b63532f') in 0.023200 seconds 
Number of asset objects unloaded after import = 1
========================================================================
Received Import Request.
  Time since last request: 18.508473 seconds.
  path: Assets/Morgue Room PBR/Prefabs/floor/floor_ceiling_4x16.prefab
  artifactKey: Guid(0ce69b79c4dd2a14ba6f4427c8436e59) Importer(815301076,1909f56bfc062723c751e8b465ee728b)
Number of updated assets reloaded before import = 0
Start importing Assets/Morgue Room PBR/Prefabs/floor/floor_ceiling_4x16.prefab using Guid(0ce69b79c4dd2a14ba6f4427c8436e59) Importer(815301076,1909f56bfc062723c751e8b465ee728b)  -> (artifact id: '63995c2ccfb00a021afb56155ea97437') in 0.043819 seconds 
Number of asset objects unloaded after import = 12
========================================================================
Received Import Request.
  Time since last request: 0.000022 seconds.
  path: Assets/Morgue Room PBR/Prefabs/floor/floor_ceiling_8x8.prefab
  artifactKey: Guid(2bb715d5d7333cd4cb60235ee1d6bfc4) Importer(815301076,1909f56bfc062723c751e8b465ee728b)
Number of updated assets reloaded before import = 0
Start importing Assets/Morgue Room PBR/Prefabs/floor/floor_ceiling_8x8.prefab using Guid(2bb715d5d7333cd4cb60235ee1d6bfc4) Importer(815301076,1909f56bfc062723c751e8b465ee728b)  -> (artifact id: '24e457c932e797b6e92f93476c92e1f6') in 0.037918 seconds 
Number of asset objects unloaded after import = 12
========================================================================
Received Import Request.
  Time since last request: 119.346552 seconds.
  path: Assets/Morgue Room PBR/Prefabs/props/bonesaw.prefab
  artifactKey: Guid(9d8dcfc962f6a894ca2095893a24cf07) Importer(815301076,1909f56bfc062723c751e8b465ee728b)
Number of updated assets reloaded before import = 0
Start importing Assets/Morgue Room PBR/Prefabs/props/bonesaw.prefab using Guid(9d8dcfc962f6a894ca2095893a24cf07) Importer(815301076,1909f56bfc062723c751e8b465ee728b)  -> (artifact id: '7e983a7385375e58cdd3455671cf32b7') in 0.032991 seconds 
Number of asset objects unloaded after import = 8
========================================================================
Received Import Request.
  Time since last request: 0.000019 seconds.
  path: Assets/Morgue Room PBR/Prefabs/props/steel_worktop.prefab
  artifactKey: Guid(16ad736c6eda94c449cc0b04719b3c66) Importer(815301076,1909f56bfc062723c751e8b465ee728b)
Number of updated assets reloaded before import = 0
Start importing Assets/Morgue Room PBR/Prefabs/props/steel_worktop.prefab using Guid(16ad736c6eda94c449cc0b04719b3c66) Importer(815301076,1909f56bfc062723c751e8b465ee728b)  -> (artifact id: '0f3822a504122e50a84e977b87af7f0a') in 0.035696 seconds 
Number of asset objects unloaded after import = 12
========================================================================
Received Import Request.
  Time since last request: 0.000048 seconds.
  path: Assets/Morgue Room PBR/Prefabs/props/instrument_tray.prefab
  artifactKey: Guid(f590c878ed049d94397214b04738d983) Importer(815301076,1909f56bfc062723c751e8b465ee728b)
Number of updated assets reloaded before import = 0
Start importing Assets/Morgue Room PBR/Prefabs/props/instrument_tray.prefab using Guid(f590c878ed049d94397214b04738d983) Importer(815301076,1909f56bfc062723c751e8b465ee728b)  -> (artifact id: 'f0ef5752854b93df75e8cb743ec574de') in 0.044401 seconds 
Number of asset objects unloaded after import = 12
========================================================================
Received Import Request.
  Time since last request: 0.000022 seconds.
  path: Assets/Morgue Room PBR/Prefabs/props/pencil.prefab
  artifactKey: Guid(e74e546c0dc2e68429a1bdd74b45709e) Importer(815301076,1909f56bfc062723c751e8b465ee728b)
Number of updated assets reloaded before import = 0
Start importing Assets/Morgue Room PBR/Prefabs/props/pencil.prefab using Guid(e74e546c0dc2e68429a1bdd74b45709e) Importer(815301076,1909f56bfc062723c751e8b465ee728b)  -> (artifact id: '743dfae0ebc52d25165a534c6490caa3') in 0.234650 seconds 
Number of asset objects unloaded after import = 11
========================================================================
Received Import Request.
  Time since last request: 0.000023 seconds.
  path: Assets/Morgue Room PBR/Prefabs/props/desk_chair.prefab
  artifactKey: Guid(707c8e73e995723438a43fc2201d7493) Importer(815301076,1909f56bfc062723c751e8b465ee728b)
Number of updated assets reloaded before import = 0
Start importing Assets/Morgue Room PBR/Prefabs/props/desk_chair.prefab using Guid(707c8e73e995723438a43fc2201d7493) Importer(815301076,1909f56bfc062723c751e8b465ee728b)  -> (artifact id: '5d56782438e6e62c7a6007877813131f') in 0.039390 seconds 
Number of asset objects unloaded after import = 23
========================================================================
Received Import Request.
  Time since last request: 0.000033 seconds.
  path: Assets/Morgue Room PBR/Prefabs/props/pencil_holder.prefab
  artifactKey: Guid(69e2513b7eb2a5a4e9e6e57f72a30362) Importer(815301076,1909f56bfc062723c751e8b465ee728b)
Number of updated assets reloaded before import = 0
Start importing Assets/Morgue Room PBR/Prefabs/props/pencil_holder.prefab using Guid(69e2513b7eb2a5a4e9e6e57f72a30362) Importer(815301076,1909f56bfc062723c751e8b465ee728b)  -> (artifact id: 'fe88dac81f37a4efd8f0499e326d24b7') in 0.024005 seconds 
Number of asset objects unloaded after import = 11
========================================================================
Received Import Request.
  Time since last request: 0.000022 seconds.
  path: Assets/Morgue Room PBR/Prefabs/props/brain.prefab
  artifactKey: Guid(434417b606fbffd4da5311a70a4dd1da) Importer(815301076,1909f56bfc062723c751e8b465ee728b)
Number of updated assets reloaded before import = 0
Start importing Assets/Morgue Room PBR/Prefabs/props/brain.prefab using Guid(434417b606fbffd4da5311a70a4dd1da) Importer(815301076,1909f56bfc062723c751e8b465ee728b)  -> (artifact id: '7095e2693608648e151c1de9210df366') in 0.249975 seconds 
Number of asset objects unloaded after import = 12
========================================================================
Received Import Request.
  Time since last request: 0.000028 seconds.
  path: Assets/Morgue Room PBR/Prefabs/props/table.prefab
  artifactKey: Guid(fbef12b796f48df43a7823a7858346e8) Importer(815301076,1909f56bfc062723c751e8b465ee728b)
Number of updated assets reloaded before import = 0
Start importing Assets/Morgue Room PBR/Prefabs/props/table.prefab using Guid(fbef12b796f48df43a7823a7858346e8) Importer(815301076,1909f56bfc062723c751e8b465ee728b)  -> (artifact id: 'e0829529149b4a270db0d1cc6bb4f617') in 0.041406 seconds 
Number of asset objects unloaded after import = 11
========================================================================
Received Import Request.
  Time since last request: 0.000046 seconds.
  path: Assets/Morgue Room PBR/Prefabs/props/shelf.prefab
  artifactKey: Guid(79646652f63865f4185986c750a93b72) Importer(815301076,1909f56bfc062723c751e8b465ee728b)
Number of updated assets reloaded before import = 0
Start importing Assets/Morgue Room PBR/Prefabs/props/shelf.prefab using Guid(79646652f63865f4185986c750a93b72) Importer(815301076,1909f56bfc062723c751e8b465ee728b)  -> (artifact id: '5c6d049e07fe901029e80f42aada512e') in 0.036840 seconds 
Number of asset objects unloaded after import = 12
========================================================================
Received Import Request.
  Time since last request: 0.000030 seconds.
  path: Assets/Morgue Room PBR/Prefabs/props/writing_board.prefab
  artifactKey: Guid(1e2caec477e1efa4ba16ee65a0fa358e) Importer(815301076,1909f56bfc062723c751e8b465ee728b)
Number of updated assets reloaded before import = 0
Start importing Assets/Morgue Room PBR/Prefabs/props/writing_board.prefab using Guid(1e2caec477e1efa4ba16ee65a0fa358e) Importer(815301076,1909f56bfc062723c751e8b465ee728b)  -> (artifact id: '4fb2239755c656baa0557c157110f1b6') in 0.040178 seconds 
Number of asset objects unloaded after import = 12
========================================================================
Received Import Request.
  Time since last request: 0.000026 seconds.
  path: Assets/Morgue Room PBR/Prefabs/props/corpse_drawer.prefab
  artifactKey: Guid(e8844f0074e08e146ac42fb5eaeab3db) Importer(815301076,1909f56bfc062723c751e8b465ee728b)
Number of updated assets reloaded before import = 0
Start importing Assets/Morgue Room PBR/Prefabs/props/corpse_drawer.prefab using Guid(e8844f0074e08e146ac42fb5eaeab3db) Importer(815301076,1909f56bfc062723c751e8b465ee728b)  -> (artifact id: 'bb7033c261f4625ffa463b9f2a497a4b') in 0.042868 seconds 
Number of asset objects unloaded after import = 29
========================================================================
Received Import Request.
  Time since last request: 0.000021 seconds.
  path: Assets/Morgue Room PBR/Prefabs/props/metal_sink.prefab
  artifactKey: Guid(9ea3ce9ce36004e46b39c1080f65ab2e) Importer(815301076,1909f56bfc062723c751e8b465ee728b)
Number of updated assets reloaded before import = 0
Start importing Assets/Morgue Room PBR/Prefabs/props/metal_sink.prefab using Guid(9ea3ce9ce36004e46b39c1080f65ab2e) Importer(815301076,1909f56bfc062723c751e8b465ee728b)  -> (artifact id: 'f3f52a4bd2eef768c25f2c3ce968f0cd') in 0.028879 seconds 
Number of asset objects unloaded after import = 12
========================================================================
Received Import Request.
  Time since last request: 0.000029 seconds.
  path: Assets/Morgue Room PBR/Prefabs/props/organ_scale.prefab
  artifactKey: Guid(99272484fea26594a8ed43992df88cc8) Importer(815301076,1909f56bfc062723c751e8b465ee728b)
Number of updated assets reloaded before import = 0
Start importing Assets/Morgue Room PBR/Prefabs/props/organ_scale.prefab using Guid(99272484fea26594a8ed43992df88cc8) Importer(815301076,1909f56bfc062723c751e8b465ee728b)  -> (artifact id: '3b3239628c2ec18a0a7aea9fbc65e54d') in 0.044110 seconds 
Number of asset objects unloaded after import = 13
========================================================================
Received Import Request.
  Time since last request: 0.000021 seconds.
  path: Assets/Morgue Room PBR/Prefabs/props/cabinet.prefab
  artifactKey: Guid(b09e95949a2b3cf489baf6fd2307361e) Importer(815301076,1909f56bfc062723c751e8b465ee728b)
Number of updated assets reloaded before import = 0
Start importing Assets/Morgue Room PBR/Prefabs/props/cabinet.prefab using Guid(b09e95949a2b3cf489baf6fd2307361e) Importer(815301076,1909f56bfc062723c751e8b465ee728b)  -> (artifact id: 'b789ccc1b82229e950812866c4107aa9') in 0.036517 seconds 
Number of asset objects unloaded after import = 25
========================================================================
Received Import Request.
  Time since last request: 0.000029 seconds.
  path: Assets/Morgue Room PBR/Prefabs/props/trash_can.prefab
  artifactKey: Guid(6b2098cbc1fd4384da8ca063c3d4eb24) Importer(815301076,1909f56bfc062723c751e8b465ee728b)
Number of updated assets reloaded before import = 0
Start importing Assets/Morgue Room PBR/Prefabs/props/trash_can.prefab using Guid(6b2098cbc1fd4384da8ca063c3d4eb24) Importer(815301076,1909f56bfc062723c751e8b465ee728b)  -> (artifact id: '760d28176acf62820a7ffa4496d83554') in 0.029096 seconds 
Number of asset objects unloaded after import = 12
========================================================================
Received Import Request.
  Time since last request: 0.000037 seconds.
  path: Assets/Morgue Room PBR/Prefabs/props/glass_jar.prefab
  artifactKey: Guid(f531eff400a90054dbf121fa394b2965) Importer(815301076,1909f56bfc062723c751e8b465ee728b)
Number of updated assets reloaded before import = 0
Start importing Assets/Morgue Room PBR/Prefabs/props/glass_jar.prefab using Guid(f531eff400a90054dbf121fa394b2965) Importer(815301076,1909f56bfc062723c751e8b465ee728b)  -> (artifact id: '24988389cca2a1f4acbeb931e72dca1f') in 0.245575 seconds 
Number of asset objects unloaded after import = 11
========================================================================
Received Import Request.
  Time since last request: 2.937437 seconds.
  path: Assets/Morgue Room PBR/Prefabs/walls/doubledoor_frame01.prefab
  artifactKey: Guid(188af353c4ca8674f8b83d0570eab3e5) Importer(815301076,1909f56bfc062723c751e8b465ee728b)
Number of updated assets reloaded before import = 0
Start importing Assets/Morgue Room PBR/Prefabs/walls/doubledoor_frame01.prefab using Guid(188af353c4ca8674f8b83d0570eab3e5) Importer(815301076,1909f56bfc062723c751e8b465ee728b)  -> (artifact id: 'd880a70b4838e596583574fa5b0fc0f9') in 0.030731 seconds 
Number of asset objects unloaded after import = 12
========================================================================
Received Import Request.
  Time since last request: 0.000021 seconds.
  path: Assets/Morgue Room PBR/Prefabs/walls/wall_corner02.prefab
  artifactKey: Guid(a86da915c3eab8445a2c36519941510c) Importer(815301076,1909f56bfc062723c751e8b465ee728b)
Number of updated assets reloaded before import = 0
Start importing Assets/Morgue Room PBR/Prefabs/walls/wall_corner02.prefab using Guid(a86da915c3eab8445a2c36519941510c) Importer(815301076,1909f56bfc062723c751e8b465ee728b)  -> (artifact id: 'c1ae44855d27b2cc6be878e076576732') in 0.038473 seconds 
Number of asset objects unloaded after import = 12
========================================================================
Received Import Request.
  Time since last request: 0.000051 seconds.
  path: Assets/Morgue Room PBR/Prefabs/walls/wall_corner01.prefab
  artifactKey: Guid(3929ad56bed972f45964b19cb68d5c45) Importer(815301076,1909f56bfc062723c751e8b465ee728b)
Number of updated assets reloaded before import = 0
Start importing Assets/Morgue Room PBR/Prefabs/walls/wall_corner01.prefab using Guid(3929ad56bed972f45964b19cb68d5c45) Importer(815301076,1909f56bfc062723c751e8b465ee728b)  -> (artifact id: '6a4f558e821754bf883aa13b8104317c') in 0.035139 seconds 
Number of asset objects unloaded after import = 12
========================================================================
Received Import Request.
  Time since last request: 0.000024 seconds.
  path: Assets/Morgue Room PBR/Prefabs/walls/wall_piece01.prefab
  artifactKey: Guid(facf14ae9ce68b7479827bcf72fba835) Importer(815301076,1909f56bfc062723c751e8b465ee728b)
Number of updated assets reloaded before import = 0
Start importing Assets/Morgue Room PBR/Prefabs/walls/wall_piece01.prefab using Guid(facf14ae9ce68b7479827bcf72fba835) Importer(815301076,1909f56bfc062723c751e8b465ee728b)  -> (artifact id: '9056a2fefa8c0dc5ace719278d6037d9') in 0.034922 seconds 
Number of asset objects unloaded after import = 12
========================================================================
Received Import Request.
  Time since last request: 0.000053 seconds.
  path: Assets/Morgue Room PBR/Prefabs/walls/wall_piece02.prefab
  artifactKey: Guid(f5d11f6b46cc9594fb4aaefb21eb23bc) Importer(815301076,1909f56bfc062723c751e8b465ee728b)
Number of updated assets reloaded before import = 0
Start importing Assets/Morgue Room PBR/Prefabs/walls/wall_piece02.prefab using Guid(f5d11f6b46cc9594fb4aaefb21eb23bc) Importer(815301076,1909f56bfc062723c751e8b465ee728b)  -> (artifact id: 'a857c6b46b0a3e47f4529161bf6eb007') in 0.035224 seconds 
Number of asset objects unloaded after import = 12
========================================================================
Received Import Request.
  Time since last request: 7.136433 seconds.
  path: Assets/Morgue Room PBR/Prefabs/ceiling/floor_ceiling_4x16.prefab
  artifactKey: Guid(f65556bc90a56424ababdc3e2af29931) Importer(815301076,1909f56bfc062723c751e8b465ee728b)
Number of updated assets reloaded before import = 0
Start importing Assets/Morgue Room PBR/Prefabs/ceiling/floor_ceiling_4x16.prefab using Guid(f65556bc90a56424ababdc3e2af29931) Importer(815301076,1909f56bfc062723c751e8b465ee728b)  -> (artifact id: 'cde798c904ba663e3cbb55fab11b9a19') in 0.027684 seconds 
Number of asset objects unloaded after import = 12
========================================================================
Received Import Request.
  Time since last request: 0.000026 seconds.
  path: Assets/Morgue Room PBR/Prefabs/ceiling/floor_ceiling_8x8.prefab
  artifactKey: Guid(afb3a810580d951408d34206296996c1) Importer(815301076,1909f56bfc062723c751e8b465ee728b)
Number of updated assets reloaded before import = 0
Start importing Assets/Morgue Room PBR/Prefabs/ceiling/floor_ceiling_8x8.prefab using Guid(afb3a810580d951408d34206296996c1) Importer(815301076,1909f56bfc062723c751e8b465ee728b)  -> (artifact id: '6bb1ca39f451af2ebd0868741027a070') in 0.035517 seconds 
Number of asset objects unloaded after import = 12
